  [1m[35m (1.4ms)[0m  [1m[34mSELECT pg_try_advisory_lock(6643483464595264770)[0m
  ↳ C:/Programs/Ruby25-x64/bin/rake:23
  [1m[35m (108.7ms)[0m  [1m[34mSELECT "schema_migrations"."version" FROM "schema_migrations" ORDER BY "schema_migrations"."version" ASC[0m
  ↳ C:/Programs/Ruby25-x64/bin/rake:23
Migrating to AddDeviseToUsers (20181101193853)
  [1m[35m (0.5ms)[0m  [1m[35mBEGIN[0m
  ↳ C:/Programs/Ruby25-x64/bin/rake:23
  [1m[35m (110.6ms)[0m  [1m[35mALTER TABLE "users" ADD "email" character varying DEFAULT '' NOT NULL[0m
  ↳ db/migrate/20181101193853_add_devise_to_users.rb:7
  [1m[35m (0.5ms)[0m  [1m[31mROLLBACK[0m
  ↳ C:/Programs/Ruby25-x64/bin/rake:23
  [1m[35m (0.8ms)[0m  [1m[34mSELECT pg_advisory_unlock(6643483464595264770)[0m
  ↳ C:/Programs/Ruby25-x64/bin/rake:23
  [1m[35m (1.5ms)[0m  [1m[34mSELECT "schema_migrations"."version" FROM "schema_migrations" ORDER BY "schema_migrations"."version" ASC[0m
  ↳ C:/Programs/Ruby25-x64/bin/rake:23
  [1m[35m (0.4ms)[0m  [1m[34mSELECT "schema_migrations"."version" FROM "schema_migrations" ORDER BY "schema_migrations"."version" ASC[0m
  ↳ C:/Programs/Ruby25-x64/bin/rake:23
  [1m[35m (0.4ms)[0m  [1m[34mSELECT "schema_migrations"."version" FROM "schema_migrations" ORDER BY "schema_migrations"."version" ASC[0m
  ↳ C:/Programs/Ruby25-x64/bin/rake:23
  [1m[35m (0.7ms)[0m  [1m[34mSELECT pg_try_advisory_lock(6643483464595264770)[0m
  ↳ C:/Programs/Ruby25-x64/bin/rake:23
  [1m[35m (1.6ms)[0m  [1m[34mSELECT "schema_migrations"."version" FROM "schema_migrations" ORDER BY "schema_migrations"."version" ASC[0m
  ↳ C:/Programs/Ruby25-x64/bin/rake:23
Migrating to CreateUsers (20181108160549)
  [1m[35m (0.6ms)[0m  [1m[35mBEGIN[0m
  ↳ C:/Programs/Ruby25-x64/bin/rake:23
  [1m[35m (663.9ms)[0m  [1m[35mCREATE TABLE "users" ("id" bigserial primary key, "username" character varying, "rol" integer, "created_at" timestamp NOT NULL, "updated_at" timestamp NOT NULL)[0m
  ↳ db/migrate/20181108160549_create_users.rb:3
  [1m[36mActiveRecord::SchemaMigration Create (1.4ms)[0m  [1m[32mINSERT INTO "schema_migrations" ("version") VALUES ($1) RETURNING "version"[0m  [["version", "20181108160549"]]
  ↳ C:/Programs/Ruby25-x64/bin/rake:23
  [1m[35m (53.6ms)[0m  [1m[35mCOMMIT[0m
  ↳ C:/Programs/Ruby25-x64/bin/rake:23
Migrating to AddDeviseToUsers (20181108160723)
  [1m[35m (14.9ms)[0m  [1m[35mBEGIN[0m
  ↳ C:/Programs/Ruby25-x64/bin/rake:23
  [1m[35m (126.5ms)[0m  [1m[35mALTER TABLE "users" ADD "email" character varying DEFAULT '' NOT NULL[0m
  ↳ db/migrate/20181108160723_add_devise_to_users.rb:7
  [1m[35m (99.1ms)[0m  [1m[35mALTER TABLE "users" ADD "encrypted_password" character varying DEFAULT '' NOT NULL[0m
  ↳ db/migrate/20181108160723_add_devise_to_users.rb:8
  [1m[35m (0.9ms)[0m  [1m[35mALTER TABLE "users" ADD "reset_password_token" character varying[0m
  ↳ db/migrate/20181108160723_add_devise_to_users.rb:11
  [1m[35m (0.8ms)[0m  [1m[35mALTER TABLE "users" ADD "reset_password_sent_at" timestamp[0m
  ↳ db/migrate/20181108160723_add_devise_to_users.rb:12
  [1m[35m (0.7ms)[0m  [1m[35mALTER TABLE "users" ADD "remember_created_at" timestamp[0m
  ↳ db/migrate/20181108160723_add_devise_to_users.rb:15
  [1m[35m (36.4ms)[0m  [1m[35mCREATE UNIQUE INDEX  "index_users_on_email" ON "users"  ("email")[0m
  ↳ db/migrate/20181108160723_add_devise_to_users.rb:40
  [1m[35m (38.4ms)[0m  [1m[35mCREATE UNIQUE INDEX  "index_users_on_reset_password_token" ON "users"  ("reset_password_token")[0m
  ↳ db/migrate/20181108160723_add_devise_to_users.rb:41
  [1m[36mActiveRecord::SchemaMigration Create (1.0ms)[0m  [1m[32mINSERT INTO "schema_migrations" ("version") VALUES ($1) RETURNING "version"[0m  [["version", "20181108160723"]]
  ↳ C:/Programs/Ruby25-x64/bin/rake:23
  [1m[35m (30.2ms)[0m  [1m[35mCOMMIT[0m
  ↳ C:/Programs/Ruby25-x64/bin/rake:23
  [1m[36mActiveRecord::InternalMetadata Load (75.8ms)[0m  [1m[34mSELECT  "ar_internal_metadata".* FROM "ar_internal_metadata" WHERE "ar_internal_metadata"."key" = $1 LIMIT $2[0m  [["key", "environment"], ["LIMIT", 1]]
  ↳ C:/Programs/Ruby25-x64/bin/rake:23
  [1m[35m (0.6ms)[0m  [1m[35mBEGIN[0m
  ↳ C:/Programs/Ruby25-x64/bin/rake:23
  [1m[35m (0.4ms)[0m  [1m[35mCOMMIT[0m
  ↳ C:/Programs/Ruby25-x64/bin/rake:23
  [1m[35m (0.7ms)[0m  [1m[34mSELECT pg_advisory_unlock(6643483464595264770)[0m
  ↳ C:/Programs/Ruby25-x64/bin/rake:23
  [1m[35m (1.0ms)[0m  [1m[34mSELECT "schema_migrations"."version" FROM "schema_migrations" ORDER BY "schema_migrations"."version" ASC[0m
  ↳ C:/Programs/Ruby25-x64/bin/rake:23
Started GET "/" for 127.0.0.1 at 2018-11-08 11:08:31 -0500
  [1m[35m (1.4ms)[0m  [1m[34mSELECT "schema_migrations"."version" FROM "schema_migrations" ORDER BY "schema_migrations"."version" ASC[0m
  ↳ C:/Programs/Ruby25-x64/lib/ruby/gems/2.5.0/gems/activerecord-5.2.1/lib/active_record/log_subscriber.rb:98
Processing by HomeController#index as HTML
  Rendering home/index.html.erb within layouts/application
  Rendered home/index.html.erb within layouts/application (20.4ms)
Completed 200 OK in 3722ms (Views: 3669.4ms | ActiveRecord: 0.0ms)


Started GET "/users/sign_in" for 127.0.0.1 at 2018-11-08 11:08:39 -0500
Processing by UsersController#show as HTML
  Parameters: {"id"=>"sign_in"}
  [1m[36mUser Load (2.0ms)[0m  [1m[34mSELECT  "users".* FROM "users" WHERE "users"."id" = $1 LIMIT $2[0m  [["id", 0], ["LIMIT", 1]]
  ↳ app/controllers/users_controller.rb:67
Completed 404 Not Found in 67ms (ActiveRecord: 15.9ms)


  
ActiveRecord::RecordNotFound (Couldn't find User with 'id'=sign_in):
  
app/controllers/users_controller.rb:67:in `set_user'
Started GET "/users/sign_in" for 127.0.0.1 at 2018-11-08 11:12:03 -0500
Processing by UsersController#show as HTML
  Parameters: {"id"=>"sign_in"}
  [1m[36mUser Load (0.8ms)[0m  [1m[34mSELECT  "users".* FROM "users" WHERE "users"."id" = $1 LIMIT $2[0m  [["id", 0], ["LIMIT", 1]]
  ↳ app/controllers/users_controller.rb:67
Completed 404 Not Found in 7ms (ActiveRecord: 0.8ms)


  
ActiveRecord::RecordNotFound (Couldn't find User with 'id'=sign_in):
  
app/controllers/users_controller.rb:67:in `set_user'
  [1m[35m (0.6ms)[0m  [1m[34mSELECT pg_try_advisory_lock(6643483464595264770)[0m
  ↳ C:/Programs/Ruby25-x64/bin/rake:23
  [1m[35m (1.6ms)[0m  [1m[34mSELECT "schema_migrations"."version" FROM "schema_migrations" ORDER BY "schema_migrations"."version" ASC[0m
  ↳ C:/Programs/Ruby25-x64/bin/rake:23
  [1m[36mActiveRecord::InternalMetadata Load (40.7ms)[0m  [1m[34mSELECT  "ar_internal_metadata".* FROM "ar_internal_metadata" WHERE "ar_internal_metadata"."key" = $1 LIMIT $2[0m  [["key", "environment"], ["LIMIT", 1]]
  ↳ C:/Programs/Ruby25-x64/bin/rake:23
  [1m[35m (0.4ms)[0m  [1m[35mBEGIN[0m
  ↳ C:/Programs/Ruby25-x64/bin/rake:23
  [1m[35m (0.4ms)[0m  [1m[35mCOMMIT[0m
  ↳ C:/Programs/Ruby25-x64/bin/rake:23
  [1m[35m (0.5ms)[0m  [1m[34mSELECT pg_advisory_unlock(6643483464595264770)[0m
  ↳ C:/Programs/Ruby25-x64/bin/rake:23
  [1m[35m (0.5ms)[0m  [1m[34mSELECT "schema_migrations"."version" FROM "schema_migrations" ORDER BY "schema_migrations"."version" ASC[0m
  ↳ C:/Programs/Ruby25-x64/bin/rake:23
Started GET "/" for 127.0.0.1 at 2018-11-08 11:15:16 -0500
  [1m[35m (2.5ms)[0m  [1m[34mSELECT "schema_migrations"."version" FROM "schema_migrations" ORDER BY "schema_migrations"."version" ASC[0m
  ↳ C:/Programs/Ruby25-x64/lib/ruby/gems/2.5.0/gems/activerecord-5.2.1/lib/active_record/log_subscriber.rb:98
Processing by HomeController#index as HTML
  Rendering home/index.html.erb within layouts/application
  Rendered home/index.html.erb within layouts/application (31.4ms)
Completed 200 OK in 1253ms (Views: 1216.1ms | ActiveRecord: 0.0ms)


Started GET "/users/sign_in" for 127.0.0.1 at 2018-11-08 11:15:20 -0500
Processing by UsersController#show as HTML
  Parameters: {"id"=>"sign_in"}
  [1m[36mUser Load (1.4ms)[0m  [1m[34mSELECT  "users".* FROM "users" WHERE "users"."id" = $1 LIMIT $2[0m  [["id", 0], ["LIMIT", 1]]
  ↳ app/controllers/users_controller.rb:67
Completed 404 Not Found in 23ms (ActiveRecord: 10.5ms)


  
ActiveRecord::RecordNotFound (Couldn't find User with 'id'=sign_in):
  
app/controllers/users_controller.rb:67:in `set_user'
  [1m[35m (1.7ms)[0m  [1m[34mSELECT "schema_migrations"."version" FROM "schema_migrations" ORDER BY "schema_migrations"."version" ASC[0m
  ↳ C:/Programs/Ruby25-x64/bin/rake:23
  [1m[35m (1.0ms)[0m  [1m[34mSELECT "ar_internal_metadata"."value" FROM "ar_internal_metadata" WHERE "ar_internal_metadata"."key" = $1[0m  [["key", "environment"]]
  ↳ C:/Programs/Ruby25-x64/bin/rake:23
  [1m[35m (0.4ms)[0m  [1m[34mSELECT "schema_migrations"."version" FROM "schema_migrations" ORDER BY "schema_migrations"."version" ASC[0m
  ↳ C:/Programs/Ruby25-x64/bin/rake:23
  [1m[35m (0.4ms)[0m  [1m[34mSELECT "ar_internal_metadata"."value" FROM "ar_internal_metadata" WHERE "ar_internal_metadata"."key" = $1[0m  [["key", "environment"]]
  ↳ C:/Programs/Ruby25-x64/bin/rake:23
  [1m[35m (0.4ms)[0m  [1m[34mSELECT "schema_migrations"."version" FROM "schema_migrations" ORDER BY "schema_migrations"."version" ASC[0m
  ↳ C:/Programs/Ruby25-x64/bin/rake:23
  [1m[35m (0.4ms)[0m  [1m[34mSELECT "ar_internal_metadata"."value" FROM "ar_internal_metadata" WHERE "ar_internal_metadata"."key" = $1[0m  [["key", "environment"]]
  ↳ C:/Programs/Ruby25-x64/bin/rake:23
  [1m[35m (591.5ms)[0m  [1m[35mDROP DATABASE IF EXISTS "development"[0m
  ↳ C:/Programs/Ruby25-x64/bin/rake:23
  [1m[35m (417.3ms)[0m  [1m[35mDROP DATABASE IF EXISTS "test"[0m
  ↳ C:/Programs/Ruby25-x64/bin/rake:23
  [1m[35m (13617.0ms)[0m  [1m[35mCREATE DATABASE "development" ENCODING = 'utf8'[0m
  ↳ C:/Programs/Ruby25-x64/bin/rake:23
  [1m[35m (8029.8ms)[0m  [1m[35mCREATE DATABASE "test" ENCODING = 'utf8'[0m
  ↳ C:/Programs/Ruby25-x64/bin/rake:23
  [1m[35m (93.1ms)[0m  [1m[35mCREATE TABLE "schema_migrations" ("version" character varying NOT NULL PRIMARY KEY)[0m
  ↳ C:/Programs/Ruby25-x64/bin/rake:23
  [1m[35m (98.7ms)[0m  [1m[35mCREATE TABLE "ar_internal_metadata" ("key" character varying NOT NULL PRIMARY KEY, "value" character varying, "created_at" timestamp NOT NULL, "updated_at" timestamp NOT NULL)[0m
  ↳ C:/Programs/Ruby25-x64/bin/rake:23
  [1m[35m (0.8ms)[0m  [1m[34mSELECT pg_try_advisory_lock(6643483464595264770)[0m
  ↳ C:/Programs/Ruby25-x64/bin/rake:23
  [1m[35m (2.1ms)[0m  [1m[34mSELECT "schema_migrations"."version" FROM "schema_migrations" ORDER BY "schema_migrations"."version" ASC[0m
  ↳ C:/Programs/Ruby25-x64/bin/rake:23
Migrating to CreateCities (20181031222424)
  [1m[35m (0.4ms)[0m  [1m[35mBEGIN[0m
  ↳ C:/Programs/Ruby25-x64/bin/rake:23
  [1m[35m (97.8ms)[0m  [1m[35mCREATE TABLE "cities" ("id" bigserial primary key, "codigo" integer, "name" character varying, "created_at" timestamp NOT NULL, "updated_at" timestamp NOT NULL)[0m
  ↳ db/migrate/20181031222424_create_cities.rb:3
  [1m[36mActiveRecord::SchemaMigration Create (2.0ms)[0m  [1m[32mINSERT INTO "schema_migrations" ("version") VALUES ($1) RETURNING "version"[0m  [["version", "20181031222424"]]
  ↳ C:/Programs/Ruby25-x64/bin/rake:23
  [1m[35m (1.3ms)[0m  [1m[35mCOMMIT[0m
  ↳ C:/Programs/Ruby25-x64/bin/rake:23
Migrating to CreateLocations (20181031223601)
  [1m[35m (15.0ms)[0m  [1m[35mBEGIN[0m
  ↳ C:/Programs/Ruby25-x64/bin/rake:23
  [1m[35m (138.5ms)[0m  [1m[35mCREATE TABLE "locations" ("id" bigserial primary key, "codigo" integer, "name" character varying, "city_id" bigint, "created_at" timestamp NOT NULL, "updated_at" timestamp NOT NULL, CONSTRAINT "fk_rails_6c1a48c78d"
FOREIGN KEY ("city_id")
  REFERENCES "cities" ("id")
)[0m
  ↳ db/migrate/20181031223601_create_locations.rb:3
  [1m[35m (36.6ms)[0m  [1m[35mCREATE  INDEX  "index_locations_on_city_id" ON "locations"  ("city_id")[0m
  ↳ db/migrate/20181031223601_create_locations.rb:3
  [1m[36mActiveRecord::SchemaMigration Create (0.9ms)[0m  [1m[32mINSERT INTO "schema_migrations" ("version") VALUES ($1) RETURNING "version"[0m  [["version", "20181031223601"]]
  ↳ C:/Programs/Ruby25-x64/bin/rake:23
  [1m[35m (1.6ms)[0m  [1m[35mCOMMIT[0m
  ↳ C:/Programs/Ruby25-x64/bin/rake:23
Migrating to CreateGrades (20181031224549)
  [1m[35m (3.9ms)[0m  [1m[35mBEGIN[0m
  ↳ C:/Programs/Ruby25-x64/bin/rake:23
  [1m[35m (91.9ms)[0m  [1m[35mCREATE TABLE "grades" ("id" bigserial primary key, "name" character varying, "level" integer, "created_at" timestamp NOT NULL, "updated_at" timestamp NOT NULL)[0m
  ↳ db/migrate/20181031224549_create_grades.rb:3
  [1m[36mActiveRecord::SchemaMigration Create (0.9ms)[0m  [1m[32mINSERT INTO "schema_migrations" ("version") VALUES ($1) RETURNING "version"[0m  [["version", "20181031224549"]]
  ↳ C:/Programs/Ruby25-x64/bin/rake:23
  [1m[35m (1.2ms)[0m  [1m[35mCOMMIT[0m
  ↳ C:/Programs/Ruby25-x64/bin/rake:23
Migrating to CreateAdministrators (20181031224621)
  [1m[35m (3.9ms)[0m  [1m[35mBEGIN[0m
  ↳ C:/Programs/Ruby25-x64/bin/rake:23
  [1m[35m (130.1ms)[0m  [1m[35mCREATE TABLE "administrators" ("id" bigserial primary key, "cellphone" character varying, "user_id" bigint, "location_id" bigint, "city_id" bigint, "created_at" timestamp NOT NULL, "updated_at" timestamp NOT NULL, CONSTRAINT "fk_rails_2733f5ea0b"
FOREIGN KEY ("user_id")
  REFERENCES "users" ("id")
, CONSTRAINT "fk_rails_5a4c5cd170"
FOREIGN KEY ("location_id")
  REFERENCES "locations" ("id")
, CONSTRAINT "fk_rails_c2938579dd"
FOREIGN KEY ("city_id")
  REFERENCES "cities" ("id")
)[0m
  ↳ db/migrate/20181031224621_create_administrators.rb:3
  [1m[35m (0.6ms)[0m  [1m[31mROLLBACK[0m
  ↳ C:/Programs/Ruby25-x64/bin/rake:23
  [1m[35m (1.1ms)[0m  [1m[34mSELECT pg_advisory_unlock(6643483464595264770)[0m
  ↳ C:/Programs/Ruby25-x64/bin/rake:23
  [1m[35m (1.4ms)[0m  [1m[34mSELECT "schema_migrations"."version" FROM "schema_migrations" ORDER BY "schema_migrations"."version" ASC[0m
  ↳ C:/Programs/Ruby25-x64/bin/rake:23
  [1m[35m (0.9ms)[0m  [1m[34mSELECT "ar_internal_metadata"."value" FROM "ar_internal_metadata" WHERE "ar_internal_metadata"."key" = $1[0m  [["key", "environment"]]
  ↳ C:/Programs/Ruby25-x64/bin/rake:23
  [1m[35m (0.4ms)[0m  [1m[34mSELECT pg_try_advisory_lock(6643483464595264770)[0m
  ↳ bin/rails:4
  [1m[35m (1.4ms)[0m  [1m[34mSELECT "schema_migrations"."version" FROM "schema_migrations" ORDER BY "schema_migrations"."version" ASC[0m
  ↳ bin/rails:4
Migrating to CreateUsers (20181008160549)
  [1m[35m (0.5ms)[0m  [1m[35mBEGIN[0m
  ↳ bin/rails:4
  [1m[35m (105.6ms)[0m  [1m[35mCREATE TABLE "users" ("id" bigserial primary key, "username" character varying, "rol" integer, "created_at" timestamp NOT NULL, "updated_at" timestamp NOT NULL)[0m
  ↳ db/migrate/20181008160549_create_users.rb:3
  [1m[36mActiveRecord::SchemaMigration Create (1.4ms)[0m  [1m[32mINSERT INTO "schema_migrations" ("version") VALUES ($1) RETURNING "version"[0m  [["version", "20181008160549"]]
  ↳ bin/rails:4
  [1m[35m (42.9ms)[0m  [1m[35mCOMMIT[0m
  ↳ bin/rails:4
Migrating to CreateAdministrators (20181031224621)
  [1m[35m (3.5ms)[0m  [1m[35mBEGIN[0m
  ↳ bin/rails:4
  [1m[35m (84.2ms)[0m  [1m[35mCREATE TABLE "administrators" ("id" bigserial primary key, "cellphone" character varying, "user_id" bigint, "location_id" bigint, "city_id" bigint, "created_at" timestamp NOT NULL, "updated_at" timestamp NOT NULL, CONSTRAINT "fk_rails_2733f5ea0b"
FOREIGN KEY ("user_id")
  REFERENCES "users" ("id")
, CONSTRAINT "fk_rails_5a4c5cd170"
FOREIGN KEY ("location_id")
  REFERENCES "locations" ("id")
, CONSTRAINT "fk_rails_c2938579dd"
FOREIGN KEY ("city_id")
  REFERENCES "cities" ("id")
)[0m
  ↳ db/migrate/20181031224621_create_administrators.rb:3
  [1m[35m (43.0ms)[0m  [1m[35mCREATE  INDEX  "index_administrators_on_user_id" ON "administrators"  ("user_id")[0m
  ↳ db/migrate/20181031224621_create_administrators.rb:3
  [1m[35m (47.2ms)[0m  [1m[35mCREATE  INDEX  "index_administrators_on_location_id" ON "administrators"  ("location_id")[0m
  ↳ db/migrate/20181031224621_create_administrators.rb:3
  [1m[35m (38.8ms)[0m  [1m[35mCREATE  INDEX  "index_administrators_on_city_id" ON "administrators"  ("city_id")[0m
  ↳ db/migrate/20181031224621_create_administrators.rb:3
  [1m[36mActiveRecord::SchemaMigration Create (1.0ms)[0m  [1m[32mINSERT INTO "schema_migrations" ("version") VALUES ($1) RETURNING "version"[0m  [["version", "20181031224621"]]
  ↳ bin/rails:4
  [1m[35m (1.5ms)[0m  [1m[35mCOMMIT[0m
  ↳ bin/rails:4
Migrating to CreateStudents (20181031224653)
  [1m[35m (3.6ms)[0m  [1m[35mBEGIN[0m
  ↳ bin/rails:4
  [1m[35m (83.3ms)[0m  [1m[35mCREATE TABLE "students" ("id" bigserial primary key, "school" character varying, "administrator_id" bigint, "user_id" bigint, "grade_id" bigint, "created_at" timestamp NOT NULL, "updated_at" timestamp NOT NULL, CONSTRAINT "fk_rails_f2e72190bd"
FOREIGN KEY ("administrator_id")
  REFERENCES "administrators" ("id")
, CONSTRAINT "fk_rails_148c9e88f4"
FOREIGN KEY ("user_id")
  REFERENCES "users" ("id")
)[0m
  ↳ db/migrate/20181031224653_create_students.rb:3
  [1m[35m (35.1ms)[0m  [1m[35mCREATE  INDEX  "index_students_on_administrator_id" ON "students"  ("administrator_id")[0m
  ↳ db/migrate/20181031224653_create_students.rb:3
  [1m[35m (38.3ms)[0m  [1m[35mCREATE  INDEX  "index_students_on_user_id" ON "students"  ("user_id")[0m
  ↳ db/migrate/20181031224653_create_students.rb:3
  [1m[35m (31.2ms)[0m  [1m[35mCREATE  INDEX  "index_students_on_grade_id" ON "students"  ("grade_id")[0m
  ↳ db/migrate/20181031224653_create_students.rb:3
  [1m[36mActiveRecord::SchemaMigration Create (0.9ms)[0m  [1m[32mINSERT INTO "schema_migrations" ("version") VALUES ($1) RETURNING "version"[0m  [["version", "20181031224653"]]
  ↳ bin/rails:4
  [1m[35m (1.7ms)[0m  [1m[35mCOMMIT[0m
  ↳ bin/rails:4
Migrating to CreateSubjects (20181031224902)
  [1m[35m (3.6ms)[0m  [1m[35mBEGIN[0m
  ↳ bin/rails:4
  [1m[35m (82.5ms)[0m  [1m[35mCREATE TABLE "subjects" ("id" bigserial primary key, "name" character varying, "grade_id" bigint, "created_at" timestamp NOT NULL, "updated_at" timestamp NOT NULL, CONSTRAINT "fk_rails_33d539df11"
FOREIGN KEY ("grade_id")
  REFERENCES "grades" ("id")
)[0m
  ↳ db/migrate/20181031224902_create_subjects.rb:3
  [1m[35m (41.1ms)[0m  [1m[35mCREATE  INDEX  "index_subjects_on_grade_id" ON "subjects"  ("grade_id")[0m
  ↳ db/migrate/20181031224902_create_subjects.rb:3
  [1m[36mActiveRecord::SchemaMigration Create (0.9ms)[0m  [1m[32mINSERT INTO "schema_migrations" ("version") VALUES ($1) RETURNING "version"[0m  [["version", "20181031224902"]]
  ↳ bin/rails:4
  [1m[35m (1.2ms)[0m  [1m[35mCOMMIT[0m
  ↳ bin/rails:4
Migrating to CreateQuestions (20181031224933)
  [1m[35m (3.8ms)[0m  [1m[35mBEGIN[0m
  ↳ bin/rails:4
  [1m[35m (93.6ms)[0m  [1m[35mCREATE TABLE "questions" ("id" bigserial primary key, "description" character varying, "question" character varying, "answer" character varying, "created_at" timestamp NOT NULL, "updated_at" timestamp NOT NULL)[0m
  ↳ db/migrate/20181031224933_create_questions.rb:3
  [1m[36mActiveRecord::SchemaMigration Create (0.8ms)[0m  [1m[32mINSERT INTO "schema_migrations" ("version") VALUES ($1) RETURNING "version"[0m  [["version", "20181031224933"]]
  ↳ bin/rails:4
  [1m[35m (1.5ms)[0m  [1m[35mCOMMIT[0m
  ↳ bin/rails:4
Migrating to CreateWorkshops (20181031224952)
  [1m[35m (3.7ms)[0m  [1m[35mBEGIN[0m
  ↳ bin/rails:4
  [1m[35m (80.1ms)[0m  [1m[35mCREATE TABLE "workshops" ("id" bigserial primary key, "name" character varying, "number" integer, "score" integer, "deadline" date, "subject_id" bigint, "question_id" bigint, "student_id" bigint, "created_at" timestamp NOT NULL, "updated_at" timestamp NOT NULL, CONSTRAINT "fk_rails_004edc561b"
FOREIGN KEY ("subject_id")
  REFERENCES "subjects" ("id")
, CONSTRAINT "fk_rails_4aed7ea112"
FOREIGN KEY ("question_id")
  REFERENCES "questions" ("id")
, CONSTRAINT "fk_rails_5546b996f8"
FOREIGN KEY ("student_id")
  REFERENCES "students" ("id")
)[0m
  ↳ db/migrate/20181031224952_create_workshops.rb:3
  [1m[35m (52.5ms)[0m  [1m[35mCREATE  INDEX  "index_workshops_on_subject_id" ON "workshops"  ("subject_id")[0m
  ↳ db/migrate/20181031224952_create_workshops.rb:3
  [1m[35m (36.9ms)[0m  [1m[35mCREATE  INDEX  "index_workshops_on_question_id" ON "workshops"  ("question_id")[0m
  ↳ db/migrate/20181031224952_create_workshops.rb:3
  [1m[35m (77.6ms)[0m  [1m[35mCREATE  INDEX  "index_workshops_on_student_id" ON "workshops"  ("student_id")[0m
  ↳ db/migrate/20181031224952_create_workshops.rb:3
  [1m[36mActiveRecord::SchemaMigration Create (0.9ms)[0m  [1m[32mINSERT INTO "schema_migrations" ("version") VALUES ($1) RETURNING "version"[0m  [["version", "20181031224952"]]
  ↳ bin/rails:4
  [1m[35m (1.4ms)[0m  [1m[35mCOMMIT[0m
  ↳ bin/rails:4
Migrating to AddDeviseToUsers (20181108160723)
  [1m[35m (3.6ms)[0m  [1m[35mBEGIN[0m
  ↳ bin/rails:4
  [1m[35m (97.0ms)[0m  [1m[35mALTER TABLE "users" ADD "email" character varying DEFAULT '' NOT NULL[0m
  ↳ db/migrate/20181108160723_add_devise_to_users.rb:7
  [1m[35m (96.0ms)[0m  [1m[35mALTER TABLE "users" ADD "encrypted_password" character varying DEFAULT '' NOT NULL[0m
  ↳ db/migrate/20181108160723_add_devise_to_users.rb:8
  [1m[35m (0.8ms)[0m  [1m[35mALTER TABLE "users" ADD "reset_password_token" character varying[0m
  ↳ db/migrate/20181108160723_add_devise_to_users.rb:11
  [1m[35m (0.8ms)[0m  [1m[35mALTER TABLE "users" ADD "reset_password_sent_at" timestamp[0m
  ↳ db/migrate/20181108160723_add_devise_to_users.rb:12
  [1m[35m (0.8ms)[0m  [1m[35mALTER TABLE "users" ADD "remember_created_at" timestamp[0m
  ↳ db/migrate/20181108160723_add_devise_to_users.rb:15
  [1m[35m (39.7ms)[0m  [1m[35mCREATE UNIQUE INDEX  "index_users_on_email" ON "users"  ("email")[0m
  ↳ db/migrate/20181108160723_add_devise_to_users.rb:40
  [1m[35m (36.7ms)[0m  [1m[35mCREATE UNIQUE INDEX  "index_users_on_reset_password_token" ON "users"  ("reset_password_token")[0m
  ↳ db/migrate/20181108160723_add_devise_to_users.rb:41
  [1m[36mActiveRecord::SchemaMigration Create (0.9ms)[0m  [1m[32mINSERT INTO "schema_migrations" ("version") VALUES ($1) RETURNING "version"[0m  [["version", "20181108160723"]]
  ↳ bin/rails:4
  [1m[35m (8.4ms)[0m  [1m[35mCOMMIT[0m
  ↳ bin/rails:4
  [1m[36mActiveRecord::InternalMetadata Load (1.2ms)[0m  [1m[34mSELECT  "ar_internal_metadata".* FROM "ar_internal_metadata" WHERE "ar_internal_metadata"."key" = $1 LIMIT $2[0m  [["key", "environment"], ["LIMIT", 1]]
  ↳ bin/rails:4
  [1m[35m (0.4ms)[0m  [1m[35mBEGIN[0m
  ↳ bin/rails:4
  [1m[36mActiveRecord::InternalMetadata Create (22.8ms)[0m  [1m[32mINSERT INTO "ar_internal_metadata" ("key", "value", "created_at", "updated_at") VALUES ($1, $2, $3, $4) RETURNING "key"[0m  [["key", "environment"], ["value", "development"], ["created_at", "2018-11-08 16:24:37.508288"], ["updated_at", "2018-11-08 16:24:37.508288"]]
  ↳ bin/rails:4
  [1m[35m (0.7ms)[0m  [1m[35mCOMMIT[0m
  ↳ bin/rails:4
  [1m[35m (0.4ms)[0m  [1m[34mSELECT pg_advisory_unlock(6643483464595264770)[0m
  ↳ bin/rails:4
  [1m[35m (0.5ms)[0m  [1m[34mSELECT "schema_migrations"."version" FROM "schema_migrations" ORDER BY "schema_migrations"."version" ASC[0m
  ↳ bin/rails:4
Started GET "/users/sign_in" for 127.0.0.1 at 2018-11-08 11:25:26 -0500
  [1m[35m (1.4ms)[0m  [1m[34mSELECT "schema_migrations"."version" FROM "schema_migrations" ORDER BY "schema_migrations"."version" ASC[0m
  ↳ C:/Programs/Ruby25-x64/lib/ruby/gems/2.5.0/gems/activerecord-5.2.1/lib/active_record/log_subscriber.rb:98
Processing by Devise::SessionsController#new as HTML
  Rendering devise/sessions/new.html.erb within layouts/application
  Rendered devise/shared/_links.html.erb (2.0ms)
  Rendered devise/sessions/new.html.erb within layouts/application (461.4ms)
Completed 200 OK in 1316ms (Views: 1249.7ms | ActiveRecord: 9.5ms)


Started GET "/users/sign_up" for 127.0.0.1 at 2018-11-08 11:25:34 -0500
Processing by Devise::RegistrationsController#new as HTML
  Rendering devise/registrations/new.html.erb within layouts/application
  Rendered devise/shared/_links.html.erb (1.6ms)
  Rendered devise/registrations/new.html.erb within layouts/application (35.0ms)
Completed 200 OK in 378ms (Views: 375.7ms | ActiveRecord: 0.0ms)


Started GET "/users/sign_in" for 127.0.0.1 at 2018-11-08 11:25:36 -0500
Processing by Devise::SessionsController#new as HTML
  Rendering devise/sessions/new.html.erb within layouts/application
  Rendered devise/shared/_links.html.erb (1.8ms)
  Rendered devise/sessions/new.html.erb within layouts/application (35.3ms)
Completed 200 OK in 360ms (Views: 357.3ms | ActiveRecord: 0.0ms)


Started GET "/" for 127.0.0.1 at 2018-11-08 11:25:42 -0500
Processing by HomeController#index as HTML
  Rendering home/index.html.erb within layouts/application
  Rendered home/index.html.erb within layouts/application (1.8ms)
Completed 200 OK in 266ms (Views: 240.0ms | ActiveRecord: 0.0ms)


Started GET "/users/sign_in" for 127.0.0.1 at 2018-11-08 11:25:45 -0500
Processing by Devise::SessionsController#new as HTML
  Rendering devise/sessions/new.html.erb within layouts/application
  Rendered devise/shared/_links.html.erb (1.6ms)
  Rendered devise/sessions/new.html.erb within layouts/application (35.1ms)
Completed 200 OK in 370ms (Views: 367.8ms | ActiveRecord: 0.0ms)


Started GET "/users/sign_up" for 127.0.0.1 at 2018-11-08 11:25:47 -0500
Processing by Devise::RegistrationsController#new as HTML
  Rendering devise/registrations/new.html.erb within layouts/application
  Rendered devise/shared/_links.html.erb (2.1ms)
  Rendered devise/registrations/new.html.erb within layouts/application (43.2ms)
Completed 200 OK in 370ms (Views: 368.8ms | ActiveRecord: 0.0ms)


Started POST "/users" for 127.0.0.1 at 2018-11-08 11:26:06 -0500
Processing by Devise::RegistrationsController#create as HTML
  Parameters: {"utf8"=>"✓", "authenticity_token"=>"2JjIHHRT6/QlCeWWAL99b6FRhMrA0BujhVwpwKCfoJgJhDnTI54Xaad8WNeOxq5AZgJklg9kPsACScDC+esHWw==", "user"=>{"email"=>"ricardovg050@hotmail.com", "password"=>"[FILTERED]", "password_confirmation"=>"[FILTERED]"}, "commit"=>"Sign up"}
  [1m[35m (0.4ms)[0m  [1m[35mBEGIN[0m
  ↳ C:/Programs/Ruby25-x64/lib/ruby/gems/2.5.0/gems/activerecord-5.2.1/lib/active_record/log_subscriber.rb:98
  [1m[36mUser Exists (2.9ms)[0m  [1m[34mSELECT  1 AS one FROM "users" WHERE "users"."email" = $1 LIMIT $2[0m  [["email", "ricardovg050@hotmail.com"], ["LIMIT", 1]]
  ↳ C:/Programs/Ruby25-x64/lib/ruby/gems/2.5.0/gems/activerecord-5.2.1/lib/active_record/log_subscriber.rb:98
  [1m[36mUser Create (3.1ms)[0m  [1m[32mINSERT INTO "users" ("created_at", "updated_at", "email", "encrypted_password") VALUES ($1, $2, $3, $4) RETURNING "id"[0m  [["created_at", "2018-11-08 16:26:06.521580"], ["updated_at", "2018-11-08 16:26:06.521580"], ["email", "ricardovg050@hotmail.com"], ["encrypted_password", "$2a$11$JAtqODxrvqvPQsnLbfmshuMw994XLV1dPadQW8KM7wVKGMvJ0Hypi"]]
  ↳ C:/Programs/Ruby25-x64/lib/ruby/gems/2.5.0/gems/activerecord-5.2.1/lib/active_record/log_subscriber.rb:98
  [1m[35m (1.2ms)[0m  [1m[35mCOMMIT[0m
  ↳ C:/Programs/Ruby25-x64/lib/ruby/gems/2.5.0/gems/activerecord-5.2.1/lib/active_record/log_subscriber.rb:98
Redirected to http://localhost:3000/
Completed 302 Found in 595ms (ActiveRecord: 7.6ms)


Started GET "/" for 127.0.0.1 at 2018-11-08 11:26:06 -0500
Processing by HomeController#index as HTML
  Rendering home/index.html.erb within layouts/application
  [1m[36mUser Load (1.7ms)[0m  [1m[34mSELECT  "users".* FROM "users" WHERE "users"."id" = $1 ORDER BY "users"."id" ASC LIMIT $2[0m  [["id", 1], ["LIMIT", 1]]
  ↳ app/views/home/index.html.erb:4
  Rendered home/index.html.erb within layouts/application (12.6ms)
Completed 200 OK in 279ms (Views: 251.4ms | ActiveRecord: 1.7ms)


Started GET "/" for 127.0.0.1 at 2018-11-09 07:51:16 -0500
  [1m[35m (138.8ms)[0m  [1m[34mSELECT "schema_migrations"."version" FROM "schema_migrations" ORDER BY "schema_migrations"."version" ASC[0m
  ↳ C:/Programs/Ruby25-x64/lib/ruby/gems/2.5.0/gems/activerecord-5.2.1/lib/active_record/log_subscriber.rb:98
Processing by HomeController#index as HTML
  Rendering home/index.html.erb within layouts/application
  Rendered home/index.html.erb within layouts/application (26.8ms)
Completed 200 OK in 3704ms (Views: 3650.1ms | ActiveRecord: 0.0ms)


Started GET "/users" for 127.0.0.1 at 2018-11-09 07:51:49 -0500
Processing by UsersController#index as HTML
  Rendering users/index.html.erb within layouts/application
  [1m[36mUser Load (248.5ms)[0m  [1m[34mSELECT "users".* FROM "users"[0m
  ↳ app/views/users/index.html.erb:15
  Rendered users/index.html.erb within layouts/application (526.5ms)
Completed 200 OK in 847ms (Views: 385.9ms | ActiveRecord: 412.5ms)


Started GET "/users/1" for 127.0.0.1 at 2018-11-09 07:51:58 -0500
Processing by UsersController#show as HTML
  Parameters: {"id"=>"1"}
  [1m[36mUser Load (21.8ms)[0m  [1m[34mSELECT  "users".* FROM "users" WHERE "users"."id" = $1 LIMIT $2[0m  [["id", 1], ["LIMIT", 1]]
  ↳ app/controllers/users_controller.rb:71
  Rendering users/show.html.erb within layouts/application
  Rendered users/show.html.erb within layouts/application (1.4ms)
Completed 200 OK in 420ms (Views: 248.6ms | ActiveRecord: 22.3ms)


Started GET "/users" for 127.0.0.1 at 2018-11-09 07:52:27 -0500
Processing by UsersController#index as HTML
  Rendering users/index.html.erb within layouts/application
  [1m[36mUser Load (0.9ms)[0m  [1m[34mSELECT "users".* FROM "users"[0m
  ↳ app/views/users/index.html.erb:15
  Rendered users/index.html.erb within layouts/application (7.1ms)
Completed 200 OK in 276ms (Views: 248.9ms | ActiveRecord: 0.9ms)


Started GET "/students/" for 127.0.0.1 at 2018-11-09 07:54:51 -0500
Processing by StudentsController#index as HTML
Completed 401 Unauthorized in 51ms (ActiveRecord: 0.0ms)


Started GET "/users/sign_in" for 127.0.0.1 at 2018-11-09 07:54:52 -0500
Processing by Devise::SessionsController#new as HTML
  Rendering devise/sessions/new.html.erb within layouts/application
  Rendered devise/shared/_links.html.erb (2.0ms)
  Rendered devise/sessions/new.html.erb within layouts/application (339.3ms)
Completed 200 OK in 713ms (Views: 666.4ms | ActiveRecord: 0.0ms)


Started GET "/users/sign_up" for 127.0.0.1 at 2018-11-09 07:55:24 -0500
Processing by Devise::RegistrationsController#new as HTML
  Rendering devise/registrations/new.html.erb within layouts/application
  Rendered devise/shared/_links.html.erb (1.7ms)
  Rendered devise/registrations/new.html.erb within layouts/application (36.9ms)
Completed 200 OK in 488ms (Views: 486.4ms | ActiveRecord: 0.0ms)


Started GET "/users/sign_old" for 127.0.0.1 at 2018-11-09 07:56:22 -0500
Processing by UsersController#show as HTML
  Parameters: {"id"=>"sign_old"}
  [1m[36mUser Load (1.3ms)[0m  [1m[34mSELECT  "users".* FROM "users" WHERE "users"."id" = $1 LIMIT $2[0m  [["id", 0], ["LIMIT", 1]]
  ↳ app/controllers/users_controller.rb:71
Completed 404 Not Found in 7ms (ActiveRecord: 1.7ms)


  
ActiveRecord::RecordNotFound (Couldn't find User with 'id'=sign_old):
  
app/controllers/users_controller.rb:71:in `set_user'
Started GET "/useres" for 127.0.0.1 at 2018-11-09 07:56:48 -0500
  
ActionController::RoutingError (No route matches [GET] "/useres"):
  
actionpack (5.2.1) lib/action_dispatch/middleware/debug_exceptions.rb:65:in `call'
web-console (3.7.0) lib/web_console/middleware.rb:135:in `call_app'
web-console (3.7.0) lib/web_console/middleware.rb:30:in `block in call'
web-console (3.7.0) lib/web_console/middleware.rb:20:in `catch'
web-console (3.7.0) lib/web_console/middleware.rb:20:in `call'
actionpack (5.2.1) lib/action_dispatch/middleware/show_exceptions.rb:33:in `call'
railties (5.2.1) lib/rails/rack/logger.rb:38:in `call_app'
railties (5.2.1) lib/rails/rack/logger.rb:26:in `block in call'
activesupport (5.2.1) lib/active_support/tagged_logging.rb:71:in `block in tagged'
activesupport (5.2.1) lib/active_support/tagged_logging.rb:28:in `tagged'
activesupport (5.2.1) lib/active_support/tagged_logging.rb:71:in `tagged'
railties (5.2.1) lib/rails/rack/logger.rb:26:in `call'
sprockets-rails (3.2.1) lib/sprockets/rails/quiet_assets.rb:13:in `call'
actionpack (5.2.1) lib/action_dispatch/middleware/remote_ip.rb:81:in `call'
actionpack (5.2.1) lib/action_dispatch/middleware/request_id.rb:27:in `call'
rack (2.0.5) lib/rack/method_override.rb:22:in `call'
rack (2.0.5) lib/rack/runtime.rb:22:in `call'
activesupport (5.2.1) lib/active_support/cache/strategy/local_cache_middleware.rb:29:in `call'
actionpack (5.2.1) lib/action_dispatch/middleware/executor.rb:14:in `call'
actionpack (5.2.1) lib/action_dispatch/middleware/static.rb:127:in `call'
rack (2.0.5) lib/rack/sendfile.rb:111:in `call'
railties (5.2.1) lib/rails/engine.rb:524:in `call'
puma (3.12.0) lib/puma/configuration.rb:225:in `call'
puma (3.12.0) lib/puma/server.rb:658:in `handle_request'
puma (3.12.0) lib/puma/server.rb:472:in `process_client'
puma (3.12.0) lib/puma/server.rb:332:in `block in run'
puma (3.12.0) lib/puma/thread_pool.rb:133:in `block in spawn_thread'
Started GET "/" for 127.0.0.1 at 2018-11-09 07:59:56 -0500
Processing by HomeController#index as HTML
  Rendering home/index.html.erb within layouts/application
  Rendered home/index.html.erb within layouts/application (2.0ms)
Completed 200 OK in 281ms (Views: 255.3ms | ActiveRecord: 0.0ms)


Started GET "/cities" for 127.0.0.1 at 2018-11-09 08:00:04 -0500
Processing by CitiesController#index as HTML
  Rendering cities/index.html.erb within layouts/application
  [1m[36mCity Load (67.5ms)[0m  [1m[34mSELECT "cities".* FROM "cities"[0m
  ↳ app/views/cities/index.html.erb:15
  Rendered cities/index.html.erb within layouts/application (523.8ms)
Completed 200 OK in 867ms (Views: 289.2ms | ActiveRecord: 515.8ms)


Started GET "/cities/new" for 127.0.0.1 at 2018-11-09 08:00:09 -0500
Processing by CitiesController#new as HTML
  Rendering cities/new.html.erb within layouts/application
  Rendered cities/_form.html.erb (145.0ms)
  Rendered cities/new.html.erb within layouts/application (194.5ms)
Completed 200 OK in 896ms (Views: 483.0ms | ActiveRecord: 293.2ms)


Started GET "/locations" for 127.0.0.1 at 2018-11-09 08:01:09 -0500
Processing by LocationsController#index as HTML
  Rendering locations/index.html.erb within layouts/application
  [1m[36mLocation Load (110.4ms)[0m  [1m[34mSELECT "locations".* FROM "locations"[0m
  ↳ app/views/locations/index.html.erb:16
  Rendered locations/index.html.erb within layouts/application (131.5ms)
Completed 200 OK in 571ms (Views: 264.8ms | ActiveRecord: 122.5ms)


Started GET "/locations/new" for 127.0.0.1 at 2018-11-09 08:01:13 -0500
Processing by LocationsController#new as HTML
  Rendering locations/new.html.erb within layouts/application
  Rendered locations/_form.html.erb (9.8ms)
  Rendered locations/new.html.erb within layouts/application (149.0ms)
Completed 200 OK in 502ms (Views: 436.5ms | ActiveRecord: 7.5ms)


  [1m[35m (0.4ms)[0m  [1m[35mBEGIN[0m
  [1m[36mCity Create (54.2ms)[0m  [1m[32mINSERT INTO "cities" ("codigo", "name", "created_at", "updated_at") VALUES ($1, $2, $3, $4) RETURNING "id"[0m  [["codigo", 1], ["name", "Bogota"], ["created_at", "2018-11-09 13:03:05.524268"], ["updated_at", "2018-11-09 13:03:05.524268"]]
  [1m[35m (49.8ms)[0m  [1m[35mCOMMIT[0m
  [1m[35m (0.4ms)[0m  [1m[35mBEGIN[0m
  [1m[36mCity Create (0.7ms)[0m  [1m[32mINSERT INTO "cities" ("codigo", "name", "created_at", "updated_at") VALUES ($1, $2, $3, $4) RETURNING "id"[0m  [["codigo", 2], ["name", "Cali"], ["created_at", "2018-11-09 13:03:31.843028"], ["updated_at", "2018-11-09 13:03:31.843028"]]
  [1m[35m (1.4ms)[0m  [1m[35mCOMMIT[0m
  [1m[35m (0.5ms)[0m  [1m[35mBEGIN[0m
  [1m[35m (0.5ms)[0m  [1m[31mROLLBACK[0m
  [1m[35m (0.8ms)[0m  [1m[35mBEGIN[0m
  [1m[36mCity Create (26.3ms)[0m  [1m[32mINSERT INTO "cities" ("codigo", "name", "created_at", "updated_at") VALUES ($1, $2, $3, $4) RETURNING "id"[0m  [["codigo", 1], ["name", "Bogota"], ["created_at", "2018-11-09 13:20:42.254225"], ["updated_at", "2018-11-09 13:20:42.254225"]]
  [1m[35m (1.5ms)[0m  [1m[35mCOMMIT[0m
  [1m[35m (0.5ms)[0m  [1m[35mBEGIN[0m
  [1m[36mCity Create (1.2ms)[0m  [1m[32mINSERT INTO "cities" ("codigo", "name", "created_at", "updated_at") VALUES ($1, $2, $3, $4) RETURNING "id"[0m  [["codigo", 2], ["name", "Cali"], ["created_at", "2018-11-09 13:20:42.295487"], ["updated_at", "2018-11-09 13:20:42.295487"]]
  [1m[35m (1.1ms)[0m  [1m[35mCOMMIT[0m
  [1m[35m (0.5ms)[0m  [1m[35mBEGIN[0m
  [1m[36mLocation Create (96.9ms)[0m  [1m[32mINSERT INTO "locations" ("codigo", "name", "city_id", "created_at", "updated_at") VALUES ($1, $2, $3, $4, $5) RETURNING "id"[0m  [["codigo", 2], ["name", "Suba"], ["city_id", 3], ["created_at", "2018-11-09 13:21:45.464332"], ["updated_at", "2018-11-09 13:21:45.464332"]]
  [1m[35m (1.1ms)[0m  [1m[35mCOMMIT[0m
  [1m[36mCity Load (0.6ms)[0m  [1m[34mSELECT  "cities".* FROM "cities" WHERE "cities"."id" = $1 LIMIT $2[0m  [["id", 1], ["LIMIT", 1]]
  [1m[36mCity Load (0.8ms)[0m  [1m[34mSELECT  "cities".* FROM "cities" WHERE "cities"."id" = $1 LIMIT $2[0m  [["id", 1], ["LIMIT", 1]]
  [1m[35m (0.3ms)[0m  [1m[35mBEGIN[0m
  [1m[36mLocation Create (1.0ms)[0m  [1m[32mINSERT INTO "locations" ("codigo", "name", "city_id", "created_at", "updated_at") VALUES ($1, $2, $3, $4, $5) RETURNING "id"[0m  [["codigo", 3], ["name", "Engativa"], ["city_id", 1], ["created_at", "2018-11-09 13:25:32.297371"], ["updated_at", "2018-11-09 13:25:32.297371"]]
  [1m[35m (1.4ms)[0m  [1m[35mCOMMIT[0m
  [1m[36mCity Load (0.9ms)[0m  [1m[34mSELECT  "cities".* FROM "cities" WHERE "cities"."id" = $1 LIMIT $2[0m  [["id", 1], ["LIMIT", 1]]
Started GET "/cities" for 127.0.0.1 at 2018-11-09 08:26:23 -0500
Processing by CitiesController#index as HTML
  Rendering cities/index.html.erb within layouts/application
  [1m[36mCity Load (1.6ms)[0m  [1m[34mSELECT "cities".* FROM "cities"[0m
  ↳ app/views/cities/index.html.erb:15
  Rendered cities/index.html.erb within layouts/application (10.1ms)
Completed 200 OK in 291ms (Views: 262.9ms | ActiveRecord: 1.6ms)


Started GET "/locations" for 127.0.0.1 at 2018-11-09 08:26:37 -0500
Processing by LocationsController#index as HTML
  Rendering locations/index.html.erb within layouts/application
  [1m[36mLocation Load (1.8ms)[0m  [1m[34mSELECT "locations".* FROM "locations"[0m
  ↳ app/views/locations/index.html.erb:16
  [1m[36mCity Load (1.1ms)[0m  [1m[34mSELECT  "cities".* FROM "cities" WHERE "cities"."id" = $1 LIMIT $2[0m  [["id", 3], ["LIMIT", 1]]
  ↳ app/views/locations/index.html.erb:20
  [1m[36mCity Load (0.7ms)[0m  [1m[34mSELECT  "cities".* FROM "cities" WHERE "cities"."id" = $1 LIMIT $2[0m  [["id", 1], ["LIMIT", 1]]
  ↳ app/views/locations/index.html.erb:20
  Rendered locations/index.html.erb within layouts/application (212.2ms)
Completed 200 OK in 484ms (Views: 453.1ms | ActiveRecord: 4.2ms)


Started GET "/" for 127.0.0.1 at 2018-11-12 15:04:20 -0500
  [1m[35m (121.5ms)[0m  [1m[34mSELECT "schema_migrations"."version" FROM "schema_migrations" ORDER BY "schema_migrations"."version" ASC[0m
  ↳ C:/Programs/Ruby25-x64/lib/ruby/gems/2.5.0/gems/activerecord-5.2.1/lib/active_record/log_subscriber.rb:98
  
ActiveRecord::PendingMigrationError (

Migrations are pending. To resolve this issue, run:

        bin/rails db:migrate RAILS_ENV=development

):
  
activerecord (5.2.1) lib/active_record/migration.rb:579:in `check_pending!'
activerecord (5.2.1) lib/active_record/migration.rb:556:in `call'
actionpack (5.2.1) lib/action_dispatch/middleware/callbacks.rb:28:in `block in call'
activesupport (5.2.1) lib/active_support/callbacks.rb:98:in `run_callbacks'
actionpack (5.2.1) lib/action_dispatch/middleware/callbacks.rb:26:in `call'
actionpack (5.2.1) lib/action_dispatch/middleware/executor.rb:14:in `call'
actionpack (5.2.1) lib/action_dispatch/middleware/debug_exceptions.rb:61:in `call'
web-console (3.7.0) lib/web_console/middleware.rb:135:in `call_app'
web-console (3.7.0) lib/web_console/middleware.rb:30:in `block in call'
web-console (3.7.0) lib/web_console/middleware.rb:20:in `catch'
web-console (3.7.0) lib/web_console/middleware.rb:20:in `call'
actionpack (5.2.1) lib/action_dispatch/middleware/show_exceptions.rb:33:in `call'
railties (5.2.1) lib/rails/rack/logger.rb:38:in `call_app'
railties (5.2.1) lib/rails/rack/logger.rb:26:in `block in call'
activesupport (5.2.1) lib/active_support/tagged_logging.rb:71:in `block in tagged'
activesupport (5.2.1) lib/active_support/tagged_logging.rb:28:in `tagged'
activesupport (5.2.1) lib/active_support/tagged_logging.rb:71:in `tagged'
railties (5.2.1) lib/rails/rack/logger.rb:26:in `call'
sprockets-rails (3.2.1) lib/sprockets/rails/quiet_assets.rb:13:in `call'
actionpack (5.2.1) lib/action_dispatch/middleware/remote_ip.rb:81:in `call'
actionpack (5.2.1) lib/action_dispatch/middleware/request_id.rb:27:in `call'
rack (2.0.5) lib/rack/method_override.rb:22:in `call'
rack (2.0.5) lib/rack/runtime.rb:22:in `call'
activesupport (5.2.1) lib/active_support/cache/strategy/local_cache_middleware.rb:29:in `call'
actionpack (5.2.1) lib/action_dispatch/middleware/executor.rb:14:in `call'
actionpack (5.2.1) lib/action_dispatch/middleware/static.rb:127:in `call'
rack (2.0.5) lib/rack/sendfile.rb:111:in `call'
railties (5.2.1) lib/rails/engine.rb:524:in `call'
puma (3.12.0) lib/puma/configuration.rb:225:in `call'
puma (3.12.0) lib/puma/server.rb:658:in `handle_request'
puma (3.12.0) lib/puma/server.rb:472:in `process_client'
puma (3.12.0) lib/puma/server.rb:332:in `block in run'
puma (3.12.0) lib/puma/thread_pool.rb:133:in `block in spawn_thread'
  [1m[35m (1.5ms)[0m  [1m[34mSELECT "schema_migrations"."version" FROM "schema_migrations" ORDER BY "schema_migrations"."version" ASC[0m
  ↳ C:/Programs/Ruby25-x64/bin/rake:23
  [1m[35m (82.8ms)[0m  [1m[34mSELECT "ar_internal_metadata"."value" FROM "ar_internal_metadata" WHERE "ar_internal_metadata"."key" = $1[0m  [["key", "environment"]]
  ↳ C:/Programs/Ruby25-x64/bin/rake:23
  [1m[35m (0.6ms)[0m  [1m[34mSELECT "schema_migrations"."version" FROM "schema_migrations" ORDER BY "schema_migrations"."version" ASC[0m
  ↳ C:/Programs/Ruby25-x64/bin/rake:23
  [1m[35m (0.5ms)[0m  [1m[34mSELECT "ar_internal_metadata"."value" FROM "ar_internal_metadata" WHERE "ar_internal_metadata"."key" = $1[0m  [["key", "environment"]]
  ↳ C:/Programs/Ruby25-x64/bin/rake:23
  [1m[35m (0.6ms)[0m  [1m[34mSELECT "schema_migrations"."version" FROM "schema_migrations" ORDER BY "schema_migrations"."version" ASC[0m
  ↳ C:/Programs/Ruby25-x64/bin/rake:23
  [1m[35m (0.5ms)[0m  [1m[34mSELECT "ar_internal_metadata"."value" FROM "ar_internal_metadata" WHERE "ar_internal_metadata"."key" = $1[0m  [["key", "environment"]]
  ↳ C:/Programs/Ruby25-x64/bin/rake:23
  [1m[35m (956.5ms)[0m  [1m[35mDROP DATABASE IF EXISTS "development"[0m
  ↳ C:/Programs/Ruby25-x64/bin/rake:23
  [1m[35m (724.8ms)[0m  [1m[35mDROP DATABASE IF EXISTS "test"[0m
  ↳ C:/Programs/Ruby25-x64/bin/rake:23
  [1m[35m (16341.9ms)[0m  [1m[35mCREATE DATABASE "development" ENCODING = 'utf8'[0m
  ↳ C:/Programs/Ruby25-x64/bin/rake:23
  [1m[35m (9749.8ms)[0m  [1m[35mCREATE DATABASE "test" ENCODING = 'utf8'[0m
  ↳ C:/Programs/Ruby25-x64/bin/rake:23
  [1m[35m (336.3ms)[0m  [1m[35mCREATE TABLE "schema_migrations" ("version" character varying NOT NULL PRIMARY KEY)[0m
  ↳ C:/Programs/Ruby25-x64/bin/rake:23
  [1m[35m (150.1ms)[0m  [1m[35mCREATE TABLE "ar_internal_metadata" ("key" character varying NOT NULL PRIMARY KEY, "value" character varying, "created_at" timestamp NOT NULL, "updated_at" timestamp NOT NULL)[0m
  ↳ C:/Programs/Ruby25-x64/bin/rake:23
  [1m[35m (1.3ms)[0m  [1m[34mSELECT pg_try_advisory_lock(6643483464595264770)[0m
  ↳ C:/Programs/Ruby25-x64/bin/rake:23
  [1m[35m (1.9ms)[0m  [1m[34mSELECT "schema_migrations"."version" FROM "schema_migrations" ORDER BY "schema_migrations"."version" ASC[0m
  ↳ C:/Programs/Ruby25-x64/bin/rake:23
Migrating to CreateUsers (20181008160549)
  [1m[35m (0.4ms)[0m  [1m[35mBEGIN[0m
  ↳ C:/Programs/Ruby25-x64/bin/rake:23
  [1m[35m (100.1ms)[0m  [1m[35mCREATE TABLE "users" ("id" bigserial primary key, "username" character varying, "rol" integer, "created_at" timestamp NOT NULL, "updated_at" timestamp NOT NULL)[0m
  ↳ db/migrate/20181008160549_create_users.rb:3
  [1m[36mActiveRecord::SchemaMigration Create (2.2ms)[0m  [1m[32mINSERT INTO "schema_migrations" ("version") VALUES ($1) RETURNING "version"[0m  [["version", "20181008160549"]]
  ↳ C:/Programs/Ruby25-x64/bin/rake:23
  [1m[35m (6.8ms)[0m  [1m[35mCOMMIT[0m
  ↳ C:/Programs/Ruby25-x64/bin/rake:23
Migrating to CreateCities (20181031222424)
  [1m[35m (17.1ms)[0m  [1m[35mBEGIN[0m
  ↳ C:/Programs/Ruby25-x64/bin/rake:23
  [1m[35m (145.5ms)[0m  [1m[35mCREATE TABLE "cities" ("id" bigserial primary key, "codigo" integer, "name" character varying, "created_at" timestamp NOT NULL, "updated_at" timestamp NOT NULL)[0m
  ↳ db/migrate/20181031222424_create_cities.rb:3
  [1m[36mActiveRecord::SchemaMigration Create (0.9ms)[0m  [1m[32mINSERT INTO "schema_migrations" ("version") VALUES ($1) RETURNING "version"[0m  [["version", "20181031222424"]]
  ↳ C:/Programs/Ruby25-x64/bin/rake:23
  [1m[35m (29.3ms)[0m  [1m[35mCOMMIT[0m
  ↳ C:/Programs/Ruby25-x64/bin/rake:23
Migrating to CreateLocations (20181031223601)
  [1m[35m (3.9ms)[0m  [1m[35mBEGIN[0m
  ↳ C:/Programs/Ruby25-x64/bin/rake:23
  [1m[35m (247.1ms)[0m  [1m[35mCREATE TABLE "locations" ("id" bigserial primary key, "codigo" integer, "name" character varying, "city_id" bigint, "created_at" timestamp NOT NULL, "updated_at" timestamp NOT NULL, CONSTRAINT "fk_rails_6c1a48c78d"
FOREIGN KEY ("city_id")
  REFERENCES "cities" ("id")
)[0m
  ↳ db/migrate/20181031223601_create_locations.rb:3
  [1m[35m (47.6ms)[0m  [1m[35mCREATE  INDEX  "index_locations_on_city_id" ON "locations"  ("city_id")[0m
  ↳ db/migrate/20181031223601_create_locations.rb:3
  [1m[36mActiveRecord::SchemaMigration Create (0.9ms)[0m  [1m[32mINSERT INTO "schema_migrations" ("version") VALUES ($1) RETURNING "version"[0m  [["version", "20181031223601"]]
  ↳ C:/Programs/Ruby25-x64/bin/rake:23
  [1m[35m (1.1ms)[0m  [1m[35mCOMMIT[0m
  ↳ C:/Programs/Ruby25-x64/bin/rake:23
Migrating to CreateGrades (20181031224549)
  [1m[35m (3.7ms)[0m  [1m[35mBEGIN[0m
  ↳ C:/Programs/Ruby25-x64/bin/rake:23
  [1m[35m (165.9ms)[0m  [1m[35mCREATE TABLE "grades" ("id" bigserial primary key, "name" character varying, "level" integer, "created_at" timestamp NOT NULL, "updated_at" timestamp NOT NULL)[0m
  ↳ db/migrate/20181031224549_create_grades.rb:3
  [1m[36mActiveRecord::SchemaMigration Create (0.9ms)[0m  [1m[32mINSERT INTO "schema_migrations" ("version") VALUES ($1) RETURNING "version"[0m  [["version", "20181031224549"]]
  ↳ C:/Programs/Ruby25-x64/bin/rake:23
  [1m[35m (1.6ms)[0m  [1m[35mCOMMIT[0m
  ↳ C:/Programs/Ruby25-x64/bin/rake:23
Migrating to CreateAdministrators (20181031224621)
  [1m[35m (3.8ms)[0m  [1m[35mBEGIN[0m
  ↳ C:/Programs/Ruby25-x64/bin/rake:23
  [1m[35m (148.2ms)[0m  [1m[35mCREATE TABLE "administrators" ("id" bigserial primary key, "cellphone" character varying, "user_id" bigint, "location_id" bigint, "city_id" bigint, "created_at" timestamp NOT NULL, "updated_at" timestamp NOT NULL, CONSTRAINT "fk_rails_2733f5ea0b"
FOREIGN KEY ("user_id")
  REFERENCES "users" ("id")
, CONSTRAINT "fk_rails_5a4c5cd170"
FOREIGN KEY ("location_id")
  REFERENCES "locations" ("id")
, CONSTRAINT "fk_rails_c2938579dd"
FOREIGN KEY ("city_id")
  REFERENCES "cities" ("id")
)[0m
  ↳ db/migrate/20181031224621_create_administrators.rb:3
  [1m[35m (48.2ms)[0m  [1m[35mCREATE  INDEX  "index_administrators_on_user_id" ON "administrators"  ("user_id")[0m
  ↳ db/migrate/20181031224621_create_administrators.rb:3
  [1m[35m (41.6ms)[0m  [1m[35mCREATE  INDEX  "index_administrators_on_location_id" ON "administrators"  ("location_id")[0m
  ↳ db/migrate/20181031224621_create_administrators.rb:3
  [1m[35m (45.0ms)[0m  [1m[35mCREATE  INDEX  "index_administrators_on_city_id" ON "administrators"  ("city_id")[0m
  ↳ db/migrate/20181031224621_create_administrators.rb:3
  [1m[36mActiveRecord::SchemaMigration Create (0.9ms)[0m  [1m[32mINSERT INTO "schema_migrations" ("version") VALUES ($1) RETURNING "version"[0m  [["version", "20181031224621"]]
  ↳ C:/Programs/Ruby25-x64/bin/rake:23
  [1m[35m (1.2ms)[0m  [1m[35mCOMMIT[0m
  ↳ C:/Programs/Ruby25-x64/bin/rake:23
Migrating to CreateStudents (20181031224653)
  [1m[35m (3.7ms)[0m  [1m[35mBEGIN[0m
  ↳ C:/Programs/Ruby25-x64/bin/rake:23
  [1m[35m (118.6ms)[0m  [1m[35mCREATE TABLE "students" ("id" bigserial primary key, "school" character varying, "administrator_id" bigint, "user_id" bigint, "grade_id" bigint, "created_at" timestamp NOT NULL, "updated_at" timestamp NOT NULL, CONSTRAINT "fk_rails_f2e72190bd"
FOREIGN KEY ("administrator_id")
  REFERENCES "administrators" ("id")
, CONSTRAINT "fk_rails_148c9e88f4"
FOREIGN KEY ("user_id")
  REFERENCES "users" ("id")
)[0m
  ↳ db/migrate/20181031224653_create_students.rb:3
  [1m[35m (38.5ms)[0m  [1m[35mCREATE  INDEX  "index_students_on_administrator_id" ON "students"  ("administrator_id")[0m
  ↳ db/migrate/20181031224653_create_students.rb:3
  [1m[35m (131.9ms)[0m  [1m[35mCREATE  INDEX  "index_students_on_user_id" ON "students"  ("user_id")[0m
  ↳ db/migrate/20181031224653_create_students.rb:3
  [1m[35m (51.0ms)[0m  [1m[35mCREATE  INDEX  "index_students_on_grade_id" ON "students"  ("grade_id")[0m
  ↳ db/migrate/20181031224653_create_students.rb:3
  [1m[36mActiveRecord::SchemaMigration Create (1.3ms)[0m  [1m[32mINSERT INTO "schema_migrations" ("version") VALUES ($1) RETURNING "version"[0m  [["version", "20181031224653"]]
  ↳ C:/Programs/Ruby25-x64/bin/rake:23
  [1m[35m (1.5ms)[0m  [1m[35mCOMMIT[0m
  ↳ C:/Programs/Ruby25-x64/bin/rake:23
Migrating to CreateSubjects (20181031224902)
  [1m[35m (3.7ms)[0m  [1m[35mBEGIN[0m
  ↳ C:/Programs/Ruby25-x64/bin/rake:23
  [1m[35m (110.9ms)[0m  [1m[35mCREATE TABLE "subjects" ("id" bigserial primary key, "name" character varying, "grade_id" bigint, "created_at" timestamp NOT NULL, "updated_at" timestamp NOT NULL, CONSTRAINT "fk_rails_33d539df11"
FOREIGN KEY ("grade_id")
  REFERENCES "grades" ("id")
)[0m
  ↳ db/migrate/20181031224902_create_subjects.rb:3
  [1m[35m (40.5ms)[0m  [1m[35mCREATE  INDEX  "index_subjects_on_grade_id" ON "subjects"  ("grade_id")[0m
  ↳ db/migrate/20181031224902_create_subjects.rb:3
  [1m[36mActiveRecord::SchemaMigration Create (1.0ms)[0m  [1m[32mINSERT INTO "schema_migrations" ("version") VALUES ($1) RETURNING "version"[0m  [["version", "20181031224902"]]
  ↳ C:/Programs/Ruby25-x64/bin/rake:23
  [1m[35m (1.2ms)[0m  [1m[35mCOMMIT[0m
  ↳ C:/Programs/Ruby25-x64/bin/rake:23
Migrating to CreateQuestions (20181031224933)
  [1m[35m (4.0ms)[0m  [1m[35mBEGIN[0m
  ↳ C:/Programs/Ruby25-x64/bin/rake:23
  [1m[35m (95.2ms)[0m  [1m[35mCREATE TABLE "questions" ("id" bigserial primary key, "description" character varying, "question" character varying, "answer" character varying, "created_at" timestamp NOT NULL, "updated_at" timestamp NOT NULL)[0m
  ↳ db/migrate/20181031224933_create_questions.rb:3
  [1m[36mActiveRecord::SchemaMigration Create (0.9ms)[0m  [1m[32mINSERT INTO "schema_migrations" ("version") VALUES ($1) RETURNING "version"[0m  [["version", "20181031224933"]]
  ↳ C:/Programs/Ruby25-x64/bin/rake:23
  [1m[35m (1.2ms)[0m  [1m[35mCOMMIT[0m
  ↳ C:/Programs/Ruby25-x64/bin/rake:23
Migrating to CreateWorkshops (20181031224952)
  [1m[35m (4.4ms)[0m  [1m[35mBEGIN[0m
  ↳ C:/Programs/Ruby25-x64/bin/rake:23
  [1m[35m (107.4ms)[0m  [1m[35mCREATE TABLE "workshops" ("id" bigserial primary key, "name" character varying, "number" integer, "score" integer, "deadline" date, "subject_id" bigint, "question_id" bigint, "student_id" bigint, "created_at" timestamp NOT NULL, "updated_at" timestamp NOT NULL, CONSTRAINT "fk_rails_004edc561b"
FOREIGN KEY ("subject_id")
  REFERENCES "subjects" ("id")
, CONSTRAINT "fk_rails_4aed7ea112"
FOREIGN KEY ("question_id")
  REFERENCES "questions" ("id")
, CONSTRAINT "fk_rails_5546b996f8"
FOREIGN KEY ("student_id")
  REFERENCES "students" ("id")
)[0m
  ↳ db/migrate/20181031224952_create_workshops.rb:3
  [1m[35m (39.2ms)[0m  [1m[35mCREATE  INDEX  "index_workshops_on_subject_id" ON "workshops"  ("subject_id")[0m
  ↳ db/migrate/20181031224952_create_workshops.rb:3
  [1m[35m (38.0ms)[0m  [1m[35mCREATE  INDEX  "index_workshops_on_question_id" ON "workshops"  ("question_id")[0m
  ↳ db/migrate/20181031224952_create_workshops.rb:3
  [1m[35m (38.2ms)[0m  [1m[35mCREATE  INDEX  "index_workshops_on_student_id" ON "workshops"  ("student_id")[0m
  ↳ db/migrate/20181031224952_create_workshops.rb:3
  [1m[36mActiveRecord::SchemaMigration Create (1.1ms)[0m  [1m[32mINSERT INTO "schema_migrations" ("version") VALUES ($1) RETURNING "version"[0m  [["version", "20181031224952"]]
  ↳ C:/Programs/Ruby25-x64/bin/rake:23
  [1m[35m (1.5ms)[0m  [1m[35mCOMMIT[0m
  ↳ C:/Programs/Ruby25-x64/bin/rake:23
Migrating to AddDeviseToUsers (20181108160723)
  [1m[35m (3.6ms)[0m  [1m[35mBEGIN[0m
  ↳ C:/Programs/Ruby25-x64/bin/rake:23
  [1m[35m (173.5ms)[0m  [1m[35mALTER TABLE "users" ADD "email" character varying DEFAULT '' NOT NULL[0m
  ↳ db/migrate/20181108160723_add_devise_to_users.rb:7
  [1m[35m (102.9ms)[0m  [1m[35mALTER TABLE "users" ADD "encrypted_password" character varying DEFAULT '' NOT NULL[0m
  ↳ db/migrate/20181108160723_add_devise_to_users.rb:8
  [1m[35m (0.9ms)[0m  [1m[35mALTER TABLE "users" ADD "reset_password_token" character varying[0m
  ↳ db/migrate/20181108160723_add_devise_to_users.rb:11
  [1m[35m (0.8ms)[0m  [1m[35mALTER TABLE "users" ADD "reset_password_sent_at" timestamp[0m
  ↳ db/migrate/20181108160723_add_devise_to_users.rb:12
  [1m[35m (0.9ms)[0m  [1m[35mALTER TABLE "users" ADD "remember_created_at" timestamp[0m
  ↳ db/migrate/20181108160723_add_devise_to_users.rb:15
  [1m[35m (32.1ms)[0m  [1m[35mCREATE UNIQUE INDEX  "index_users_on_email" ON "users"  ("email")[0m
  ↳ db/migrate/20181108160723_add_devise_to_users.rb:40
  [1m[35m (35.6ms)[0m  [1m[35mCREATE UNIQUE INDEX  "index_users_on_reset_password_token" ON "users"  ("reset_password_token")[0m
  ↳ db/migrate/20181108160723_add_devise_to_users.rb:41
  [1m[36mActiveRecord::SchemaMigration Create (1.0ms)[0m  [1m[32mINSERT INTO "schema_migrations" ("version") VALUES ($1) RETURNING "version"[0m  [["version", "20181108160723"]]
  ↳ C:/Programs/Ruby25-x64/bin/rake:23
  [1m[35m (27.3ms)[0m  [1m[35mCOMMIT[0m
  ↳ C:/Programs/Ruby25-x64/bin/rake:23
  [1m[36mActiveRecord::InternalMetadata Load (1.9ms)[0m  [1m[34mSELECT  "ar_internal_metadata".* FROM "ar_internal_metadata" WHERE "ar_internal_metadata"."key" = $1 LIMIT $2[0m  [["key", "environment"], ["LIMIT", 1]]
  ↳ C:/Programs/Ruby25-x64/bin/rake:23
  [1m[35m (0.8ms)[0m  [1m[35mBEGIN[0m
  ↳ C:/Programs/Ruby25-x64/bin/rake:23
  [1m[36mActiveRecord::InternalMetadata Create (26.9ms)[0m  [1m[32mINSERT INTO "ar_internal_metadata" ("key", "value", "created_at", "updated_at") VALUES ($1, $2, $3, $4) RETURNING "key"[0m  [["key", "environment"], ["value", "development"], ["created_at", "2018-11-12 20:06:03.308848"], ["updated_at", "2018-11-12 20:06:03.308848"]]
  ↳ C:/Programs/Ruby25-x64/bin/rake:23
  [1m[35m (0.9ms)[0m  [1m[35mCOMMIT[0m
  ↳ C:/Programs/Ruby25-x64/bin/rake:23
  [1m[35m (0.6ms)[0m  [1m[34mSELECT pg_advisory_unlock(6643483464595264770)[0m
  ↳ C:/Programs/Ruby25-x64/bin/rake:23
  [1m[35m (0.7ms)[0m  [1m[34mSELECT "schema_migrations"."version" FROM "schema_migrations" ORDER BY "schema_migrations"."version" ASC[0m
  ↳ C:/Programs/Ruby25-x64/bin/rake:23
  [1m[35m (0.4ms)[0m  [1m[34mSELECT "schema_migrations"."version" FROM "schema_migrations" ORDER BY "schema_migrations"."version" ASC[0m
  ↳ C:/Programs/Ruby25-x64/bin/rake:23
  [1m[35m (0.3ms)[0m  [1m[35mBEGIN[0m
  ↳ db/seeds.rb:9
  [1m[36mCity Create (1.6ms)[0m  [1m[32mINSERT INTO "cities" ("codigo", "name", "created_at", "updated_at") VALUES ($1, $2, $3, $4) RETURNING "id"[0m  [["codigo", 1], ["name", "Bogota"], ["created_at", "2018-11-12 20:06:03.694319"], ["updated_at", "2018-11-12 20:06:03.694319"]]
  ↳ db/seeds.rb:9
  [1m[35m (0.8ms)[0m  [1m[35mCOMMIT[0m
  ↳ db/seeds.rb:9
  [1m[35m (0.4ms)[0m  [1m[35mBEGIN[0m
  ↳ db/seeds.rb:9
  [1m[36mCity Create (0.7ms)[0m  [1m[32mINSERT INTO "cities" ("codigo", "name", "created_at", "updated_at") VALUES ($1, $2, $3, $4) RETURNING "id"[0m  [["codigo", 2], ["name", "Cali"], ["created_at", "2018-11-12 20:06:03.701679"], ["updated_at", "2018-11-12 20:06:03.701679"]]
  ↳ db/seeds.rb:9
  [1m[35m (0.8ms)[0m  [1m[35mCOMMIT[0m
  ↳ db/seeds.rb:9
  [1m[36mCity Load (0.8ms)[0m  [1m[34mSELECT  "cities".* FROM "cities" WHERE "cities"."id" = $1 LIMIT $2[0m  [["id", 1], ["LIMIT", 1]]
  ↳ db/seeds.rb:10
  [1m[35m (0.5ms)[0m  [1m[35mBEGIN[0m
  ↳ db/seeds.rb:10
  [1m[36mLocation Create (21.4ms)[0m  [1m[32mINSERT INTO "locations" ("codigo", "name", "city_id", "created_at", "updated_at") VALUES ($1, $2, $3, $4, $5) RETURNING "id"[0m  [["codigo", 2], ["name", "Suba"], ["city_id", 1], ["created_at", "2018-11-12 20:06:03.915461"], ["updated_at", "2018-11-12 20:06:03.915461"]]
  ↳ db/seeds.rb:10
  [1m[35m (1.1ms)[0m  [1m[35mCOMMIT[0m
  ↳ db/seeds.rb:10
Started GET "/" for 127.0.0.1 at 2018-11-12 15:06:26 -0500
  [1m[35m (2.1ms)[0m  [1m[34mSELECT "schema_migrations"."version" FROM "schema_migrations" ORDER BY "schema_migrations"."version" ASC[0m
  ↳ C:/Programs/Ruby25-x64/lib/ruby/gems/2.5.0/gems/activerecord-5.2.1/lib/active_record/log_subscriber.rb:98
Processing by HomeController#index as HTML
  Rendering home/index.html.erb within layouts/application
  Rendered home/index.html.erb within layouts/application (9.2ms)
Completed 200 OK in 3607ms (Views: 3556.2ms | ActiveRecord: 0.0ms)


Started GET "/users/sign_in" for 127.0.0.1 at 2018-11-12 15:06:37 -0500
Processing by Devise::SessionsController#new as HTML
  Rendering devise/sessions/new.html.erb within layouts/application
  Rendered devise/shared/_links.html.erb (2.4ms)
  Rendered devise/sessions/new.html.erb within layouts/application (691.8ms)
Completed 200 OK in 1121ms (Views: 1056.0ms | ActiveRecord: 15.1ms)


Started GET "/" for 127.0.0.1 at 2018-11-12 15:42:47 -0500
Processing by HomeController#index as HTML
  Rendering home/index.html.erb within layouts/application
  Rendered home/index.html.erb within layouts/application (11.2ms)
Completed 200 OK in 965ms (Views: 899.9ms | ActiveRecord: 0.0ms)


Started GET "/users/sign_in" for 127.0.0.1 at 2018-11-12 15:42:55 -0500
Processing by Devise::SessionsController#new as HTML
  Rendering devise/sessions/new.html.erb within layouts/application
  Rendered devise/shared/_links.html.erb (2.7ms)
  Rendered devise/sessions/new.html.erb within layouts/application (172.3ms)
Completed 200 OK in 637ms (Views: 633.1ms | ActiveRecord: 0.0ms)


  [1m[35m (229.1ms)[0m  [1m[34mSELECT "schema_migrations"."version" FROM "schema_migrations" ORDER BY "schema_migrations"."version" ASC[0m
  ↳ C:/Programs/Ruby25-x64/bin/rake:23
  [1m[35m (89.1ms)[0m  [1m[34mSELECT "ar_internal_metadata"."value" FROM "ar_internal_metadata" WHERE "ar_internal_metadata"."key" = $1[0m  [["key", "environment"]]
  ↳ C:/Programs/Ruby25-x64/bin/rake:23
  [1m[35m (0.9ms)[0m  [1m[34mSELECT "schema_migrations"."version" FROM "schema_migrations" ORDER BY "schema_migrations"."version" ASC[0m
  ↳ C:/Programs/Ruby25-x64/bin/rake:23
  [1m[35m (0.8ms)[0m  [1m[34mSELECT "ar_internal_metadata"."value" FROM "ar_internal_metadata" WHERE "ar_internal_metadata"."key" = $1[0m  [["key", "environment"]]
  ↳ C:/Programs/Ruby25-x64/bin/rake:23
  [1m[35m (0.8ms)[0m  [1m[34mSELECT "schema_migrations"."version" FROM "schema_migrations" ORDER BY "schema_migrations"."version" ASC[0m
  ↳ C:/Programs/Ruby25-x64/bin/rake:23
  [1m[35m (0.7ms)[0m  [1m[34mSELECT "ar_internal_metadata"."value" FROM "ar_internal_metadata" WHERE "ar_internal_metadata"."key" = $1[0m  [["key", "environment"]]
  ↳ C:/Programs/Ruby25-x64/bin/rake:23
  [1m[35m (1067.7ms)[0m  [1m[35mDROP DATABASE IF EXISTS "development"[0m
  ↳ C:/Programs/Ruby25-x64/bin/rake:23
  [1m[35m (882.2ms)[0m  [1m[35mDROP DATABASE IF EXISTS "test"[0m
  ↳ C:/Programs/Ruby25-x64/bin/rake:23
  [1m[35m (14515.2ms)[0m  [1m[35mCREATE DATABASE "development" ENCODING = 'utf8'[0m
  ↳ C:/Programs/Ruby25-x64/bin/rake:23
  [1m[35m (8349.7ms)[0m  [1m[35mCREATE DATABASE "test" ENCODING = 'utf8'[0m
  ↳ C:/Programs/Ruby25-x64/bin/rake:23
  [1m[35m (161.3ms)[0m  [1m[35mCREATE TABLE "schema_migrations" ("version" character varying NOT NULL PRIMARY KEY)[0m
  ↳ C:/Programs/Ruby25-x64/bin/rake:23
  [1m[35m (66.6ms)[0m  [1m[35mCREATE TABLE "ar_internal_metadata" ("key" character varying NOT NULL PRIMARY KEY, "value" character varying, "created_at" timestamp NOT NULL, "updated_at" timestamp NOT NULL)[0m
  ↳ C:/Programs/Ruby25-x64/bin/rake:23
  [1m[35m (16.7ms)[0m  [1m[34mSELECT pg_try_advisory_lock(6643483464595264770)[0m
  ↳ C:/Programs/Ruby25-x64/bin/rake:23
  [1m[35m (2.3ms)[0m  [1m[34mSELECT "schema_migrations"."version" FROM "schema_migrations" ORDER BY "schema_migrations"."version" ASC[0m
  ↳ C:/Programs/Ruby25-x64/bin/rake:23
Migrating to CreateUsers (20181008160549)
  [1m[35m (0.5ms)[0m  [1m[35mBEGIN[0m
  ↳ C:/Programs/Ruby25-x64/bin/rake:23
  [1m[35m (124.6ms)[0m  [1m[35mCREATE TABLE "users" ("id" bigserial primary key, "username" character varying, "rol" integer, "created_at" timestamp NOT NULL, "updated_at" timestamp NOT NULL)[0m
  ↳ db/migrate/20181008160549_create_users.rb:3
  [1m[36mActiveRecord::SchemaMigration Create (38.7ms)[0m  [1m[32mINSERT INTO "schema_migrations" ("version") VALUES ($1) RETURNING "version"[0m  [["version", "20181008160549"]]
  ↳ C:/Programs/Ruby25-x64/bin/rake:23
  [1m[35m (1.2ms)[0m  [1m[35mCOMMIT[0m
  ↳ C:/Programs/Ruby25-x64/bin/rake:23
Migrating to CreateCities (20181031222424)
  [1m[35m (78.5ms)[0m  [1m[35mBEGIN[0m
  ↳ C:/Programs/Ruby25-x64/bin/rake:23
  [1m[35m (85.8ms)[0m  [1m[35mCREATE TABLE "cities" ("id" bigserial primary key, "codigo" integer, "name" character varying, "created_at" timestamp NOT NULL, "updated_at" timestamp NOT NULL)[0m
  ↳ db/migrate/20181031222424_create_cities.rb:3
  [1m[36mActiveRecord::SchemaMigration Create (0.9ms)[0m  [1m[32mINSERT INTO "schema_migrations" ("version") VALUES ($1) RETURNING "version"[0m  [["version", "20181031222424"]]
  ↳ C:/Programs/Ruby25-x64/bin/rake:23
  [1m[35m (1.1ms)[0m  [1m[35mCOMMIT[0m
  ↳ C:/Programs/Ruby25-x64/bin/rake:23
Migrating to CreateLocations (20181031223601)
  [1m[35m (3.9ms)[0m  [1m[35mBEGIN[0m
  ↳ C:/Programs/Ruby25-x64/bin/rake:23
  [1m[35m (129.1ms)[0m  [1m[35mCREATE TABLE "locations" ("id" bigserial primary key, "codigo" integer, "name" character varying, "city_id" bigint, "created_at" timestamp NOT NULL, "updated_at" timestamp NOT NULL, CONSTRAINT "fk_rails_6c1a48c78d"
FOREIGN KEY ("city_id")
  REFERENCES "cities" ("id")
)[0m
  ↳ db/migrate/20181031223601_create_locations.rb:3
  [1m[35m (35.1ms)[0m  [1m[35mCREATE  INDEX  "index_locations_on_city_id" ON "locations"  ("city_id")[0m
  ↳ db/migrate/20181031223601_create_locations.rb:3
  [1m[36mActiveRecord::SchemaMigration Create (0.9ms)[0m  [1m[32mINSERT INTO "schema_migrations" ("version") VALUES ($1) RETURNING "version"[0m  [["version", "20181031223601"]]
  ↳ C:/Programs/Ruby25-x64/bin/rake:23
  [1m[35m (1.3ms)[0m  [1m[35mCOMMIT[0m
  ↳ C:/Programs/Ruby25-x64/bin/rake:23
Migrating to CreateGrades (20181031224549)
  [1m[35m (3.6ms)[0m  [1m[35mBEGIN[0m
  ↳ C:/Programs/Ruby25-x64/bin/rake:23
  [1m[35m (98.5ms)[0m  [1m[35mCREATE TABLE "grades" ("id" bigserial primary key, "name" character varying, "level" integer, "created_at" timestamp NOT NULL, "updated_at" timestamp NOT NULL)[0m
  ↳ db/migrate/20181031224549_create_grades.rb:3
  [1m[36mActiveRecord::SchemaMigration Create (1.0ms)[0m  [1m[32mINSERT INTO "schema_migrations" ("version") VALUES ($1) RETURNING "version"[0m  [["version", "20181031224549"]]
  ↳ C:/Programs/Ruby25-x64/bin/rake:23
  [1m[35m (1.6ms)[0m  [1m[35mCOMMIT[0m
  ↳ C:/Programs/Ruby25-x64/bin/rake:23
Migrating to CreateAdministrators (20181031224621)
  [1m[35m (2.7ms)[0m  [1m[35mBEGIN[0m
  ↳ C:/Programs/Ruby25-x64/bin/rake:23
  [1m[35m (98.2ms)[0m  [1m[35mCREATE TABLE "administrators" ("id" bigserial primary key, "cellphone" character varying, "user_id" bigint, "location_id" bigint, "city_id" bigint, "created_at" timestamp NOT NULL, "updated_at" timestamp NOT NULL, CONSTRAINT "fk_rails_2733f5ea0b"
FOREIGN KEY ("user_id")
  REFERENCES "users" ("id")
, CONSTRAINT "fk_rails_5a4c5cd170"
FOREIGN KEY ("location_id")
  REFERENCES "locations" ("id")
, CONSTRAINT "fk_rails_c2938579dd"
FOREIGN KEY ("city_id")
  REFERENCES "cities" ("id")
)[0m
  ↳ db/migrate/20181031224621_create_administrators.rb:3
  [1m[35m (51.7ms)[0m  [1m[35mCREATE  INDEX  "index_administrators_on_user_id" ON "administrators"  ("user_id")[0m
  ↳ db/migrate/20181031224621_create_administrators.rb:3
  [1m[35m (50.4ms)[0m  [1m[35mCREATE  INDEX  "index_administrators_on_location_id" ON "administrators"  ("location_id")[0m
  ↳ db/migrate/20181031224621_create_administrators.rb:3
  [1m[35m (170.1ms)[0m  [1m[35mCREATE  INDEX  "index_administrators_on_city_id" ON "administrators"  ("city_id")[0m
  ↳ db/migrate/20181031224621_create_administrators.rb:3
  [1m[36mActiveRecord::SchemaMigration Create (0.9ms)[0m  [1m[32mINSERT INTO "schema_migrations" ("version") VALUES ($1) RETURNING "version"[0m  [["version", "20181031224621"]]
  ↳ C:/Programs/Ruby25-x64/bin/rake:23
  [1m[35m (16.2ms)[0m  [1m[35mCOMMIT[0m
  ↳ C:/Programs/Ruby25-x64/bin/rake:23
Migrating to CreateStudents (20181031224653)
  [1m[35m (3.8ms)[0m  [1m[35mBEGIN[0m
  ↳ C:/Programs/Ruby25-x64/bin/rake:23
  [1m[35m (172.3ms)[0m  [1m[35mCREATE TABLE "students" ("id" bigserial primary key, "school" character varying, "administrator_id" bigint, "user_id" bigint, "grade_id" bigint, "created_at" timestamp NOT NULL, "updated_at" timestamp NOT NULL, CONSTRAINT "fk_rails_f2e72190bd"
FOREIGN KEY ("administrator_id")
  REFERENCES "administrators" ("id")
, CONSTRAINT "fk_rails_148c9e88f4"
FOREIGN KEY ("user_id")
  REFERENCES "users" ("id")
)[0m
  ↳ db/migrate/20181031224653_create_students.rb:3
  [1m[35m (45.6ms)[0m  [1m[35mCREATE  INDEX  "index_students_on_administrator_id" ON "students"  ("administrator_id")[0m
  ↳ db/migrate/20181031224653_create_students.rb:3
  [1m[35m (51.2ms)[0m  [1m[35mCREATE  INDEX  "index_students_on_user_id" ON "students"  ("user_id")[0m
  ↳ db/migrate/20181031224653_create_students.rb:3
  [1m[35m (41.2ms)[0m  [1m[35mCREATE  INDEX  "index_students_on_grade_id" ON "students"  ("grade_id")[0m
  ↳ db/migrate/20181031224653_create_students.rb:3
  [1m[36mActiveRecord::SchemaMigration Create (0.9ms)[0m  [1m[32mINSERT INTO "schema_migrations" ("version") VALUES ($1) RETURNING "version"[0m  [["version", "20181031224653"]]
  ↳ C:/Programs/Ruby25-x64/bin/rake:23
  [1m[35m (1.5ms)[0m  [1m[35mCOMMIT[0m
  ↳ C:/Programs/Ruby25-x64/bin/rake:23
Migrating to CreateSubjects (20181031224902)
  [1m[35m (3.5ms)[0m  [1m[35mBEGIN[0m
  ↳ C:/Programs/Ruby25-x64/bin/rake:23
  [1m[35m (88.4ms)[0m  [1m[35mCREATE TABLE "subjects" ("id" bigserial primary key, "name" character varying, "grade_id" bigint, "created_at" timestamp NOT NULL, "updated_at" timestamp NOT NULL, CONSTRAINT "fk_rails_33d539df11"
FOREIGN KEY ("grade_id")
  REFERENCES "grades" ("id")
)[0m
  ↳ db/migrate/20181031224902_create_subjects.rb:3
  [1m[35m (39.3ms)[0m  [1m[35mCREATE  INDEX  "index_subjects_on_grade_id" ON "subjects"  ("grade_id")[0m
  ↳ db/migrate/20181031224902_create_subjects.rb:3
  [1m[36mActiveRecord::SchemaMigration Create (0.8ms)[0m  [1m[32mINSERT INTO "schema_migrations" ("version") VALUES ($1) RETURNING "version"[0m  [["version", "20181031224902"]]
  ↳ C:/Programs/Ruby25-x64/bin/rake:23
  [1m[35m (1.4ms)[0m  [1m[35mCOMMIT[0m
  ↳ C:/Programs/Ruby25-x64/bin/rake:23
Migrating to CreateQuestions (20181031224933)
  [1m[35m (3.2ms)[0m  [1m[35mBEGIN[0m
  ↳ C:/Programs/Ruby25-x64/bin/rake:23
  [1m[35m (164.6ms)[0m  [1m[35mCREATE TABLE "questions" ("id" bigserial primary key, "description" character varying, "question" character varying, "answer" character varying, "created_at" timestamp NOT NULL, "updated_at" timestamp NOT NULL)[0m
  ↳ db/migrate/20181031224933_create_questions.rb:3
  [1m[36mActiveRecord::SchemaMigration Create (1.1ms)[0m  [1m[32mINSERT INTO "schema_migrations" ("version") VALUES ($1) RETURNING "version"[0m  [["version", "20181031224933"]]
  ↳ C:/Programs/Ruby25-x64/bin/rake:23
  [1m[35m (1.1ms)[0m  [1m[35mCOMMIT[0m
  ↳ C:/Programs/Ruby25-x64/bin/rake:23
Migrating to CreateWorkshops (20181031224952)
  [1m[35m (2.2ms)[0m  [1m[35mBEGIN[0m
  ↳ C:/Programs/Ruby25-x64/bin/rake:23
  [1m[35m (85.7ms)[0m  [1m[35mCREATE TABLE "workshops" ("id" bigserial primary key, "name" character varying, "number" integer, "score" integer, "deadline" date, "subject_id" bigint, "question_id" bigint, "student_id" bigint, "created_at" timestamp NOT NULL, "updated_at" timestamp NOT NULL, CONSTRAINT "fk_rails_004edc561b"
FOREIGN KEY ("subject_id")
  REFERENCES "subjects" ("id")
, CONSTRAINT "fk_rails_4aed7ea112"
FOREIGN KEY ("question_id")
  REFERENCES "questions" ("id")
, CONSTRAINT "fk_rails_5546b996f8"
FOREIGN KEY ("student_id")
  REFERENCES "students" ("id")
)[0m
  ↳ db/migrate/20181031224952_create_workshops.rb:3
  [1m[35m (33.4ms)[0m  [1m[35mCREATE  INDEX  "index_workshops_on_subject_id" ON "workshops"  ("subject_id")[0m
  ↳ db/migrate/20181031224952_create_workshops.rb:3
  [1m[35m (43.8ms)[0m  [1m[35mCREATE  INDEX  "index_workshops_on_question_id" ON "workshops"  ("question_id")[0m
  ↳ db/migrate/20181031224952_create_workshops.rb:3
  [1m[35m (49.7ms)[0m  [1m[35mCREATE  INDEX  "index_workshops_on_student_id" ON "workshops"  ("student_id")[0m
  ↳ db/migrate/20181031224952_create_workshops.rb:3
  [1m[36mActiveRecord::SchemaMigration Create (1.2ms)[0m  [1m[32mINSERT INTO "schema_migrations" ("version") VALUES ($1) RETURNING "version"[0m  [["version", "20181031224952"]]
  ↳ C:/Programs/Ruby25-x64/bin/rake:23
  [1m[35m (2.0ms)[0m  [1m[35mCOMMIT[0m
  ↳ C:/Programs/Ruby25-x64/bin/rake:23
Migrating to AddDeviseToUsers (20181108160723)
  [1m[35m (3.8ms)[0m  [1m[35mBEGIN[0m
  ↳ C:/Programs/Ruby25-x64/bin/rake:23
  [1m[35m (285.6ms)[0m  [1m[35mALTER TABLE "users" ADD "email" character varying DEFAULT '' NOT NULL[0m
  ↳ db/migrate/20181108160723_add_devise_to_users.rb:7
  [1m[35m (108.3ms)[0m  [1m[35mALTER TABLE "users" ADD "encrypted_password" character varying DEFAULT '' NOT NULL[0m
  ↳ db/migrate/20181108160723_add_devise_to_users.rb:8
  [1m[35m (1.1ms)[0m  [1m[35mALTER TABLE "users" ADD "reset_password_token" character varying[0m
  ↳ db/migrate/20181108160723_add_devise_to_users.rb:11
  [1m[35m (0.9ms)[0m  [1m[35mALTER TABLE "users" ADD "reset_password_sent_at" timestamp[0m
  ↳ db/migrate/20181108160723_add_devise_to_users.rb:12
  [1m[35m (0.8ms)[0m  [1m[35mALTER TABLE "users" ADD "remember_created_at" timestamp[0m
  ↳ db/migrate/20181108160723_add_devise_to_users.rb:15
  [1m[35m (57.0ms)[0m  [1m[35mCREATE UNIQUE INDEX  "index_users_on_email" ON "users"  ("email")[0m
  ↳ db/migrate/20181108160723_add_devise_to_users.rb:40
  [1m[35m (58.0ms)[0m  [1m[35mCREATE UNIQUE INDEX  "index_users_on_reset_password_token" ON "users"  ("reset_password_token")[0m
  ↳ db/migrate/20181108160723_add_devise_to_users.rb:41
  [1m[36mActiveRecord::SchemaMigration Create (1.1ms)[0m  [1m[32mINSERT INTO "schema_migrations" ("version") VALUES ($1) RETURNING "version"[0m  [["version", "20181108160723"]]
  ↳ C:/Programs/Ruby25-x64/bin/rake:23
  [1m[35m (41.4ms)[0m  [1m[35mCOMMIT[0m
  ↳ C:/Programs/Ruby25-x64/bin/rake:23
  [1m[36mActiveRecord::InternalMetadata Load (1.8ms)[0m  [1m[34mSELECT  "ar_internal_metadata".* FROM "ar_internal_metadata" WHERE "ar_internal_metadata"."key" = $1 LIMIT $2[0m  [["key", "environment"], ["LIMIT", 1]]
  ↳ C:/Programs/Ruby25-x64/bin/rake:23
  [1m[35m (0.6ms)[0m  [1m[35mBEGIN[0m
  ↳ C:/Programs/Ruby25-x64/bin/rake:23
  [1m[36mActiveRecord::InternalMetadata Create (25.8ms)[0m  [1m[32mINSERT INTO "ar_internal_metadata" ("key", "value", "created_at", "updated_at") VALUES ($1, $2, $3, $4) RETURNING "key"[0m  [["key", "environment"], ["value", "development"], ["created_at", "2018-11-12 21:10:59.841377"], ["updated_at", "2018-11-12 21:10:59.841377"]]
  ↳ C:/Programs/Ruby25-x64/bin/rake:23
  [1m[35m (0.9ms)[0m  [1m[35mCOMMIT[0m
  ↳ C:/Programs/Ruby25-x64/bin/rake:23
  [1m[35m (0.7ms)[0m  [1m[34mSELECT pg_advisory_unlock(6643483464595264770)[0m
  ↳ C:/Programs/Ruby25-x64/bin/rake:23
  [1m[35m (0.9ms)[0m  [1m[34mSELECT "schema_migrations"."version" FROM "schema_migrations" ORDER BY "schema_migrations"."version" ASC[0m
  ↳ C:/Programs/Ruby25-x64/bin/rake:23
  [1m[35m (0.4ms)[0m  [1m[34mSELECT "schema_migrations"."version" FROM "schema_migrations" ORDER BY "schema_migrations"."version" ASC[0m
  ↳ C:/Programs/Ruby25-x64/bin/rake:23
  [1m[35m (0.4ms)[0m  [1m[35mBEGIN[0m
  ↳ db/seeds.rb:9
  [1m[36mCity Create (1.6ms)[0m  [1m[32mINSERT INTO "cities" ("codigo", "name", "created_at", "updated_at") VALUES ($1, $2, $3, $4) RETURNING "id"[0m  [["codigo", 1], ["name", "Bogota"], ["created_at", "2018-11-12 21:11:00.167969"], ["updated_at", "2018-11-12 21:11:00.167969"]]
  ↳ db/seeds.rb:9
  [1m[35m (0.7ms)[0m  [1m[35mCOMMIT[0m
  ↳ db/seeds.rb:9
  [1m[35m (0.3ms)[0m  [1m[35mBEGIN[0m
  ↳ db/seeds.rb:9
  [1m[36mCity Create (0.7ms)[0m  [1m[32mINSERT INTO "cities" ("codigo", "name", "created_at", "updated_at") VALUES ($1, $2, $3, $4) RETURNING "id"[0m  [["codigo", 2], ["name", "Cali"], ["created_at", "2018-11-12 21:11:00.175195"], ["updated_at", "2018-11-12 21:11:00.175195"]]
  ↳ db/seeds.rb:9
  [1m[35m (0.8ms)[0m  [1m[35mCOMMIT[0m
  ↳ db/seeds.rb:9
  [1m[36mCity Load (0.9ms)[0m  [1m[34mSELECT  "cities".* FROM "cities" WHERE "cities"."id" = $1 LIMIT $2[0m  [["id", 1], ["LIMIT", 1]]
  ↳ db/seeds.rb:10
  [1m[35m (0.5ms)[0m  [1m[35mBEGIN[0m
  ↳ db/seeds.rb:10
  [1m[36mLocation Create (19.3ms)[0m  [1m[32mINSERT INTO "locations" ("codigo", "name", "city_id", "created_at", "updated_at") VALUES ($1, $2, $3, $4, $5) RETURNING "id"[0m  [["codigo", 2], ["name", "Suba"], ["city_id", 1], ["created_at", "2018-11-12 21:11:00.414925"], ["updated_at", "2018-11-12 21:11:00.414925"]]
  ↳ db/seeds.rb:10
  [1m[35m (1.0ms)[0m  [1m[35mCOMMIT[0m
  ↳ db/seeds.rb:10
Started GET "/users/sign_in" for 127.0.0.1 at 2018-11-12 16:53:43 -0500
Processing by Devise::SessionsController#new as HTML
  Rendering devise/sessions/new.html.erb within layouts/application
  Rendered devise/shared/_links.html.erb (3.5ms)
  Rendered devise/sessions/new.html.erb within layouts/application (266.6ms)
Completed 200 OK in 3247ms (Views: 1770.1ms | ActiveRecord: 1163.3ms)


Started GET "/users/sign_up" for 127.0.0.1 at 2018-11-12 16:53:54 -0500
Processing by Devise::RegistrationsController#new as HTML
  Rendering devise/registrations/new.html.erb within layouts/application
  Rendered devise/shared/_links.html.erb (2.4ms)
  Rendered devise/registrations/new.html.erb within layouts/application (38.5ms)
Completed 200 OK in 651ms (Views: 648.6ms | ActiveRecord: 0.0ms)


Started POST "/users" for 127.0.0.1 at 2018-11-12 16:54:11 -0500
Processing by Devise::RegistrationsController#create as HTML
  Parameters: {"utf8"=>"✓", "authenticity_token"=>"cBllgoeJZ6x2LZt+XS+55GZJ4waSD9Wkjpo8s70GW+HneTDM0+A8zIpMpdawQBw8ms6Dgl9kv/w62fhh7C/rbQ==", "user"=>{"email"=>"ricardovg050@hotmail.com", "password"=>"[FILTERED]", "password_confirmation"=>"[FILTERED]"}, "commit"=>"Sign up"}
  [1m[35m (0.4ms)[0m  [1m[35mBEGIN[0m
  ↳ C:/Programs/Ruby25-x64/lib/ruby/gems/2.5.0/gems/activerecord-5.2.1/lib/active_record/log_subscriber.rb:98
  [1m[36mUser Exists (101.0ms)[0m  [1m[34mSELECT  1 AS one FROM "users" WHERE "users"."email" = $1 LIMIT $2[0m  [["email", "ricardovg050@hotmail.com"], ["LIMIT", 1]]
  ↳ C:/Programs/Ruby25-x64/lib/ruby/gems/2.5.0/gems/activerecord-5.2.1/lib/active_record/log_subscriber.rb:98
  [1m[35m (1.0ms)[0m  [1m[31mROLLBACK[0m
  ↳ C:/Programs/Ruby25-x64/lib/ruby/gems/2.5.0/gems/activerecord-5.2.1/lib/active_record/log_subscriber.rb:98
  Rendering devise/registrations/new.html.erb within layouts/application
  Rendered devise/shared/_links.html.erb (2.2ms)
  Rendered devise/registrations/new.html.erb within layouts/application (36.4ms)
Completed 200 OK in 1378ms (Views: 352.9ms | ActiveRecord: 102.3ms)


Started POST "/users" for 127.0.0.1 at 2018-11-12 16:54:26 -0500
Processing by Devise::RegistrationsController#create as HTML
  Parameters: {"utf8"=>"✓", "authenticity_token"=>"rW9hKx99ibZ6kbKslaLwP4w3RY0/QgbY7Vj+rw83SUknJ/29iUpqGHf0yqvFlTYeLVIYVWvqvEY28ljUmAQyPQ==", "user"=>{"email"=>"ricardovg050@hotmail.com", "password"=>"[FILTERED]", "password_confirmation"=>"[FILTERED]"}, "commit"=>"Sign up"}
  [1m[35m (0.4ms)[0m  [1m[35mBEGIN[0m
  ↳ C:/Programs/Ruby25-x64/lib/ruby/gems/2.5.0/gems/activerecord-5.2.1/lib/active_record/log_subscriber.rb:98
  [1m[36mUser Exists (2.7ms)[0m  [1m[34mSELECT  1 AS one FROM "users" WHERE "users"."email" = $1 LIMIT $2[0m  [["email", "ricardovg050@hotmail.com"], ["LIMIT", 1]]
  ↳ C:/Programs/Ruby25-x64/lib/ruby/gems/2.5.0/gems/activerecord-5.2.1/lib/active_record/log_subscriber.rb:98
  [1m[36mUser Create (49.4ms)[0m  [1m[32mINSERT INTO "users" ("created_at", "updated_at", "email", "encrypted_password") VALUES ($1, $2, $3, $4) RETURNING "id"[0m  [["created_at", "2018-11-12 21:54:26.547660"], ["updated_at", "2018-11-12 21:54:26.547660"], ["email", "ricardovg050@hotmail.com"], ["encrypted_password", "$2a$11$He0n.upO.jKHeiOYuVwKhugN2oGRRkBTahQaAYxSEeN0OxF5fc/6q"]]
  ↳ C:/Programs/Ruby25-x64/lib/ruby/gems/2.5.0/gems/activerecord-5.2.1/lib/active_record/log_subscriber.rb:98
  [1m[35m (57.1ms)[0m  [1m[35mCOMMIT[0m
  ↳ C:/Programs/Ruby25-x64/lib/ruby/gems/2.5.0/gems/activerecord-5.2.1/lib/active_record/log_subscriber.rb:98
Redirected to http://localhost:3000/
Completed 302 Found in 613ms (ActiveRecord: 109.6ms)


Started GET "/" for 127.0.0.1 at 2018-11-12 16:54:26 -0500
Processing by HomeController#index as HTML
  Rendering home/index.html.erb within layouts/application
  [1m[36mUser Load (1.5ms)[0m  [1m[34mSELECT  "users".* FROM "users" WHERE "users"."id" = $1 ORDER BY "users"."id" ASC LIMIT $2[0m  [["id", 1], ["LIMIT", 1]]
  ↳ app/views/home/index.html.erb:4
  Rendered home/index.html.erb within layouts/application (43.6ms)
Completed 200 OK in 449ms (Views: 319.9ms | ActiveRecord: 1.5ms)


Started DELETE "/users/sign_out" for 127.0.0.1 at 2018-11-12 16:54:33 -0500
Processing by Devise::SessionsController#destroy as HTML
  Parameters: {"authenticity_token"=>"UQKltn/ptQtidob28sgIRvFvnFQRQkbNqMjvee2jgrjbSjkg6d5WpW8T/vGi/85nUArBjEXq/FNzYkkCepD5zA=="}
  [1m[36mUser Load (0.9ms)[0m  [1m[34mSELECT  "users".* FROM "users" WHERE "users"."id" = $1 ORDER BY "users"."id" ASC LIMIT $2[0m  [["id", 1], ["LIMIT", 1]]
  ↳ C:/Programs/Ruby25-x64/lib/ruby/gems/2.5.0/gems/activerecord-5.2.1/lib/active_record/log_subscriber.rb:98
  [1m[35m (0.7ms)[0m  [1m[35mBEGIN[0m
  ↳ C:/Programs/Ruby25-x64/lib/ruby/gems/2.5.0/gems/activerecord-5.2.1/lib/active_record/log_subscriber.rb:98
  [1m[35m (0.5ms)[0m  [1m[35mCOMMIT[0m
  ↳ C:/Programs/Ruby25-x64/lib/ruby/gems/2.5.0/gems/activerecord-5.2.1/lib/active_record/log_subscriber.rb:98
Redirected to http://localhost:3000/
Completed 302 Found in 138ms (ActiveRecord: 2.1ms)


Started GET "/" for 127.0.0.1 at 2018-11-12 16:54:33 -0500
Processing by HomeController#index as HTML
  Rendering home/index.html.erb within layouts/application
  Rendered home/index.html.erb within layouts/application (1.5ms)
Completed 200 OK in 286ms (Views: 257.5ms | ActiveRecord: 0.0ms)


Started GET "/users/sign_in" for 127.0.0.1 at 2018-11-12 16:54:36 -0500
Processing by Devise::SessionsController#new as HTML
  Rendering devise/sessions/new.html.erb within layouts/application
  Rendered devise/shared/_links.html.erb (1.8ms)
  Rendered devise/sessions/new.html.erb within layouts/application (35.9ms)
Completed 200 OK in 405ms (Views: 402.8ms | ActiveRecord: 0.0ms)


Started POST "/users/sign_in" for 127.0.0.1 at 2018-11-12 16:54:59 -0500
Processing by Devise::SessionsController#create as HTML
  Parameters: {"utf8"=>"✓", "authenticity_token"=>"l7cLqoKHlQ1o3SP9bySuBNI/V6CwsDxI0UPoHKBETbTmos847K8uxwVuwMFfbS4qHH8clq/nmB6ZY1axeMLtAg==", "user"=>{"email"=>"ricardovg050@hotmail.com", "password"=>"[FILTERED]", "remember_me"=>"0"}, "commit"=>"Log in"}
  [1m[36mUser Load (1.1ms)[0m  [1m[34mSELECT  "users".* FROM "users" WHERE "users"."email" = $1 ORDER BY "users"."id" ASC LIMIT $2[0m  [["email", "ricardovg050@hotmail.com"], ["LIMIT", 1]]
  ↳ C:/Programs/Ruby25-x64/lib/ruby/gems/2.5.0/gems/activerecord-5.2.1/lib/active_record/log_subscriber.rb:98
Redirected to http://localhost:3000/
Completed 302 Found in 620ms (ActiveRecord: 1.1ms)


Started GET "/" for 127.0.0.1 at 2018-11-12 16:54:59 -0500
Processing by HomeController#index as HTML
  Rendering home/index.html.erb within layouts/application
  [1m[36mUser Load (0.9ms)[0m  [1m[34mSELECT  "users".* FROM "users" WHERE "users"."id" = $1 ORDER BY "users"."id" ASC LIMIT $2[0m  [["id", 1], ["LIMIT", 1]]
  ↳ app/views/home/index.html.erb:4
  Rendered home/index.html.erb within layouts/application (5.2ms)
Completed 200 OK in 504ms (Views: 475.3ms | ActiveRecord: 0.9ms)


Started GET "/users/sign_in" for 127.0.0.1 at 2018-11-12 16:55:28 -0500
Processing by Devise::SessionsController#new as HTML
  Rendering devise/sessions/new.html.erb within layouts/application
  Rendered devise/shared/_links.html.erb (2.4ms)
  Rendered devise/sessions/new.html.erb within layouts/application (46.9ms)
Completed 200 OK in 527ms (Views: 524.2ms | ActiveRecord: 0.0ms)


Started DELETE "/users/sign_out" for 127.0.0.1 at 2018-11-12 17:18:56 -0500
Processing by Devise::SessionsController#destroy as HTML
  Parameters: {"authenticity_token"=>"0EUCaPMshr1UJHFjUG2S4ASAtIunyCgnY0x00TrNdSXq9pHckMkBQh1wGZB35a6ErVXyffPlv7kJ4AVqs9i9kg=="}
  [1m[36mUser Load (142.6ms)[0m  [1m[34mSELECT  "users".* FROM "users" WHERE "users"."id" = $1 ORDER BY "users"."id" ASC LIMIT $2[0m  [["id", 1], ["LIMIT", 1]]
  ↳ C:/Programs/Ruby25-x64/lib/ruby/gems/2.5.0/gems/activerecord-5.2.1/lib/active_record/log_subscriber.rb:98
  [1m[35m (0.6ms)[0m  [1m[35mBEGIN[0m
  ↳ C:/Programs/Ruby25-x64/lib/ruby/gems/2.5.0/gems/activerecord-5.2.1/lib/active_record/log_subscriber.rb:98
  [1m[35m (0.5ms)[0m  [1m[35mCOMMIT[0m
  ↳ C:/Programs/Ruby25-x64/lib/ruby/gems/2.5.0/gems/activerecord-5.2.1/lib/active_record/log_subscriber.rb:98
Redirected to http://localhost:3000/
Completed 302 Found in 1174ms (ActiveRecord: 1063.0ms)


Started GET "/" for 127.0.0.1 at 2018-11-12 17:19:00 -0500
Processing by HomeController#index as HTML
  Rendering home/index.html.erb within layouts/application
  Rendered home/index.html.erb within layouts/application (1.6ms)
Completed 200 OK in 891ms (Views: 856.8ms | ActiveRecord: 0.0ms)


Started GET "/users/sign_in" for 127.0.0.1 at 2018-11-12 17:19:07 -0500
Processing by Devise::SessionsController#new as HTML
  Rendering devise/sessions/new.html.erb within layouts/application
  Rendered devise/shared/_links.html.erb (1.8ms)
  Rendered devise/sessions/new.html.erb within layouts/application (71.1ms)
Completed 200 OK in 407ms (Views: 405.1ms | ActiveRecord: 0.0ms)


Started GET "/users/sign_up" for 127.0.0.1 at 2018-11-12 17:19:10 -0500
Processing by Devise::RegistrationsController#new as HTML
  Rendering devise/registrations/new.html.erb within layouts/application
  Rendered devise/shared/_links.html.erb (20.2ms)
  Rendered devise/registrations/new.html.erb within layouts/application (56.0ms)
Completed 200 OK in 564ms (Views: 562.0ms | ActiveRecord: 0.0ms)


Started POST "/users" for 127.0.0.1 at 2018-11-12 17:20:41 -0500
Processing by Devise::RegistrationsController#create as HTML
  Parameters: {"utf8"=>"✓", "authenticity_token"=>"0ae+oG7vKZlmQ+hqvsHurqHzhb+6RRSTq5OJQ3gEUT+qUsxfqnGgLNohtKJey0IY+DYHrPRQUJUSf+hByGui/A==", "user"=>{"email"=>"ricardovg050@hotmail.com", "password"=>"[FILTERED]", "password_confirmation"=>"[FILTERED]"}, "commit"=>"Sign up"}
  [1m[35m (0.4ms)[0m  [1m[35mBEGIN[0m
  ↳ C:/Programs/Ruby25-x64/lib/ruby/gems/2.5.0/gems/activerecord-5.2.1/lib/active_record/log_subscriber.rb:98
  [1m[36mUser Exists (70.1ms)[0m  [1m[34mSELECT  1 AS one FROM "users" WHERE "users"."email" = $1 LIMIT $2[0m  [["email", "ricardovg050@hotmail.com"], ["LIMIT", 1]]
  ↳ C:/Programs/Ruby25-x64/lib/ruby/gems/2.5.0/gems/activerecord-5.2.1/lib/active_record/log_subscriber.rb:98
  [1m[35m (0.4ms)[0m  [1m[31mROLLBACK[0m
  ↳ C:/Programs/Ruby25-x64/lib/ruby/gems/2.5.0/gems/activerecord-5.2.1/lib/active_record/log_subscriber.rb:98
  Rendering devise/registrations/new.html.erb within layouts/application
  Rendered devise/shared/_links.html.erb (2.6ms)
  Rendered devise/registrations/new.html.erb within layouts/application (37.9ms)
Completed 200 OK in 976ms (Views: 406.2ms | ActiveRecord: 71.0ms)


Started GET "/users/sign_up" for 127.0.0.1 at 2018-11-12 17:20:47 -0500
Processing by Devise::RegistrationsController#new as HTML
  Rendering devise/registrations/new.html.erb within layouts/application
  Rendered devise/shared/_links.html.erb (1.7ms)
  Rendered devise/registrations/new.html.erb within layouts/application (37.5ms)
Completed 200 OK in 378ms (Views: 376.3ms | ActiveRecord: 0.0ms)


Started POST "/users" for 127.0.0.1 at 2018-11-12 17:21:24 -0500
Processing by Devise::RegistrationsController#create as HTML
  Parameters: {"utf8"=>"✓", "authenticity_token"=>"v9c99lGqwWdRvM2fOoGz21uKe0O5HE4SbhnQWEqFqp/l26K8pRRDd0TOgXSLFVGJG00nHXroj/Zs6CN/FINeTw==", "user"=>{"email"=>"ricardovg@outlook.com", "password"=>"[FILTERED]", "password_confirmation"=>"[FILTERED]"}, "commit"=>"Sign up"}
  [1m[35m (0.4ms)[0m  [1m[35mBEGIN[0m
  ↳ C:/Programs/Ruby25-x64/lib/ruby/gems/2.5.0/gems/activerecord-5.2.1/lib/active_record/log_subscriber.rb:98
  [1m[36mUser Exists (1.2ms)[0m  [1m[34mSELECT  1 AS one FROM "users" WHERE "users"."email" = $1 LIMIT $2[0m  [["email", "ricardovg@outlook.com"], ["LIMIT", 1]]
  ↳ C:/Programs/Ruby25-x64/lib/ruby/gems/2.5.0/gems/activerecord-5.2.1/lib/active_record/log_subscriber.rb:98
  [1m[36mUser Create (156.3ms)[0m  [1m[32mINSERT INTO "users" ("created_at", "updated_at", "email", "encrypted_password") VALUES ($1, $2, $3, $4) RETURNING "id"[0m  [["created_at", "2018-11-12 22:21:25.214851"], ["updated_at", "2018-11-12 22:21:25.214851"], ["email", "ricardovg@outlook.com"], ["encrypted_password", "$2a$11$RrYyhy/zweUUGqrkMkZzXO/RA3FbqXZMnQgYWhVuiSixrzIBRSS.q"]]
  ↳ C:/Programs/Ruby25-x64/lib/ruby/gems/2.5.0/gems/activerecord-5.2.1/lib/active_record/log_subscriber.rb:98
  [1m[35m (2.2ms)[0m  [1m[35mCOMMIT[0m
  ↳ C:/Programs/Ruby25-x64/lib/ruby/gems/2.5.0/gems/activerecord-5.2.1/lib/active_record/log_subscriber.rb:98
Redirected to http://localhost:3000/
Completed 302 Found in 619ms (ActiveRecord: 160.0ms)


Started GET "/" for 127.0.0.1 at 2018-11-12 17:21:25 -0500
Processing by HomeController#index as HTML
  Rendering home/index.html.erb within layouts/application
  [1m[36mUser Load (41.2ms)[0m  [1m[34mSELECT  "users".* FROM "users" WHERE "users"."id" = $1 ORDER BY "users"."id" ASC LIMIT $2[0m  [["id", 2], ["LIMIT", 1]]
  ↳ app/views/home/index.html.erb:4
  Rendered home/index.html.erb within layouts/application (47.8ms)
Completed 200 OK in 351ms (Views: 282.9ms | ActiveRecord: 41.2ms)


Started GET "/users/sign_up" for 127.0.0.1 at 2018-11-12 17:24:00 -0500
  [1m[35m (101.5ms)[0m  [1m[34mSELECT "schema_migrations"."version" FROM "schema_migrations" ORDER BY "schema_migrations"."version" ASC[0m
  ↳ C:/Programs/Ruby25-x64/lib/ruby/gems/2.5.0/gems/activerecord-5.2.1/lib/active_record/log_subscriber.rb:98
Processing by Devise::RegistrationsController#new as HTML
  [1m[36mUser Load (103.2ms)[0m  [1m[34mSELECT  "users".* FROM "users" WHERE "users"."id" = $1 ORDER BY "users"."id" ASC LIMIT $2[0m  [["id", 2], ["LIMIT", 1]]
  ↳ C:/Programs/Ruby25-x64/lib/ruby/gems/2.5.0/gems/activerecord-5.2.1/lib/active_record/log_subscriber.rb:98
Redirected to http://localhost:3000/
Filter chain halted as :require_no_authentication rendered or redirected
Completed 302 Found in 511ms (ActiveRecord: 182.0ms)


Started GET "/" for 127.0.0.1 at 2018-11-12 17:24:02 -0500
Processing by HomeController#index as HTML
  Rendering home/index.html.erb within layouts/application
  [1m[36mUser Load (1.3ms)[0m  [1m[34mSELECT  "users".* FROM "users" WHERE "users"."id" = $1 ORDER BY "users"."id" ASC LIMIT $2[0m  [["id", 2], ["LIMIT", 1]]
  ↳ app/views/home/index.html.erb:4
  Rendered home/index.html.erb within layouts/application (106.9ms)
Completed 200 OK in 3439ms (Views: 3409.5ms | ActiveRecord: 1.3ms)


Started DELETE "/users/sign_out" for 127.0.0.1 at 2018-11-12 17:24:09 -0500
Processing by Devise::SessionsController#destroy as HTML
  Parameters: {"authenticity_token"=>"M8pkr/DrXtL9odr7wgwzh5VVUwIEfErFYAwvvCmkuRBpxvvlBFXcwujTlhBzmNHV1ZIPXMeIiyFi/dybd6JNwA=="}
  [1m[36mUser Load (2.7ms)[0m  [1m[34mSELECT  "users".* FROM "users" WHERE "users"."id" = $1 ORDER BY "users"."id" ASC LIMIT $2[0m  [["id", 2], ["LIMIT", 1]]
  ↳ C:/Programs/Ruby25-x64/lib/ruby/gems/2.5.0/gems/activerecord-5.2.1/lib/active_record/log_subscriber.rb:98
  [1m[35m (0.4ms)[0m  [1m[35mBEGIN[0m
  ↳ C:/Programs/Ruby25-x64/lib/ruby/gems/2.5.0/gems/activerecord-5.2.1/lib/active_record/log_subscriber.rb:98
  [1m[35m (0.3ms)[0m  [1m[35mCOMMIT[0m
  ↳ C:/Programs/Ruby25-x64/lib/ruby/gems/2.5.0/gems/activerecord-5.2.1/lib/active_record/log_subscriber.rb:98
Redirected to http://localhost:3000/
Completed 302 Found in 58ms (ActiveRecord: 3.4ms)


Started GET "/" for 127.0.0.1 at 2018-11-12 17:24:09 -0500
Processing by HomeController#index as HTML
  Rendering home/index.html.erb within layouts/application
  Rendered home/index.html.erb within layouts/application (5.4ms)
Completed 200 OK in 285ms (Views: 259.3ms | ActiveRecord: 0.0ms)


Started GET "/users/sign_in" for 127.0.0.1 at 2018-11-12 17:24:12 -0500
Processing by Devise::SessionsController#new as HTML
  Rendering devise/sessions/new.html.erb within layouts/application
  Rendered devise/shared/_links.html.erb (2.0ms)
  Rendered devise/sessions/new.html.erb within layouts/application (327.8ms)
Completed 200 OK in 733ms (Views: 696.3ms | ActiveRecord: 0.0ms)


Started GET "/users/sign_up" for 127.0.0.1 at 2018-11-12 17:24:15 -0500
Processing by Devise::RegistrationsController#new as HTML
  Rendering devise/registrations/new.html.erb within layouts/application
  Rendered devise/shared/_links.html.erb (1.7ms)
  Rendered devise/registrations/new.html.erb within layouts/application (35.5ms)
Completed 200 OK in 390ms (Views: 387.7ms | ActiveRecord: 0.0ms)


Started POST "/users" for 127.0.0.1 at 2018-11-12 17:24:40 -0500
Processing by Devise::RegistrationsController#create as HTML
  Parameters: {"utf8"=>"✓", "authenticity_token"=>"O25JwW5CVI8xXXfkzgEniD1fe0INm9KGY82Ef3FBAb0PShO3gvxXBTZDxu0zwQqOBoyBx3epdOb3uP0xFaDLYw==", "user"=>{"email"=>"ricardovg100@hotmail.com", "password"=>"[FILTERED]", "password_confirmation"=>"[FILTERED]"}, "commit"=>"Sign up"}
  [1m[35m (0.4ms)[0m  [1m[35mBEGIN[0m
  ↳ C:/Programs/Ruby25-x64/lib/ruby/gems/2.5.0/gems/activerecord-5.2.1/lib/active_record/log_subscriber.rb:98
  [1m[36mUser Exists (1.2ms)[0m  [1m[34mSELECT  1 AS one FROM "users" WHERE "users"."email" = $1 LIMIT $2[0m  [["email", "ricardovg100@hotmail.com"], ["LIMIT", 1]]
  ↳ C:/Programs/Ruby25-x64/lib/ruby/gems/2.5.0/gems/activerecord-5.2.1/lib/active_record/log_subscriber.rb:98
  [1m[36mUser Create (1.0ms)[0m  [1m[32mINSERT INTO "users" ("created_at", "updated_at", "email", "encrypted_password") VALUES ($1, $2, $3, $4) RETURNING "id"[0m  [["created_at", "2018-11-12 22:24:41.445847"], ["updated_at", "2018-11-12 22:24:41.445847"], ["email", "ricardovg100@hotmail.com"], ["encrypted_password", "$2a$11$VZDvie2IowIXKVyUv9hgweEIe1fjUyN4fygVn5ZhQWuyOIkX/bZAC"]]
  ↳ C:/Programs/Ruby25-x64/lib/ruby/gems/2.5.0/gems/activerecord-5.2.1/lib/active_record/log_subscriber.rb:98
  [1m[35m (1.6ms)[0m  [1m[35mCOMMIT[0m
  ↳ C:/Programs/Ruby25-x64/lib/ruby/gems/2.5.0/gems/activerecord-5.2.1/lib/active_record/log_subscriber.rb:98
Redirected to http://localhost:3000/
Completed 302 Found in 690ms (ActiveRecord: 4.2ms)


Started GET "/" for 127.0.0.1 at 2018-11-12 17:24:41 -0500
Processing by HomeController#index as HTML
  Rendering home/index.html.erb within layouts/application
  [1m[36mUser Load (1.0ms)[0m  [1m[34mSELECT  "users".* FROM "users" WHERE "users"."id" = $1 ORDER BY "users"."id" ASC LIMIT $2[0m  [["id", 3], ["LIMIT", 1]]
  ↳ app/views/home/index.html.erb:4
  Rendered home/index.html.erb within layouts/application (6.3ms)
Completed 200 OK in 294ms (Views: 267.6ms | ActiveRecord: 1.0ms)


Started DELETE "/users/sign_out" for 127.0.0.1 at 2018-11-12 17:50:00 -0500
Processing by Devise::SessionsController#destroy as HTML
  Parameters: {"authenticity_token"=>"yAKqL4ZPfE13zYuHrmTS3ndB6+b9qADBnPtWWN1APjpkexpCQn0S4EUnyvFfW8n8nYaAzjo2TnJy3Rw0bCEuEg=="}
  [1m[36mUser Load (117.4ms)[0m  [1m[34mSELECT  "users".* FROM "users" WHERE "users"."id" = $1 ORDER BY "users"."id" ASC LIMIT $2[0m  [["id", 3], ["LIMIT", 1]]
  ↳ C:/Programs/Ruby25-x64/lib/ruby/gems/2.5.0/gems/activerecord-5.2.1/lib/active_record/log_subscriber.rb:98
  [1m[35m (0.4ms)[0m  [1m[35mBEGIN[0m
  ↳ C:/Programs/Ruby25-x64/lib/ruby/gems/2.5.0/gems/activerecord-5.2.1/lib/active_record/log_subscriber.rb:98
  [1m[35m (0.4ms)[0m  [1m[35mCOMMIT[0m
  ↳ C:/Programs/Ruby25-x64/lib/ruby/gems/2.5.0/gems/activerecord-5.2.1/lib/active_record/log_subscriber.rb:98
Redirected to http://localhost:3000/
Completed 302 Found in 148ms (ActiveRecord: 118.1ms)


Started GET "/" for 127.0.0.1 at 2018-11-12 17:50:01 -0500
Processing by HomeController#index as HTML
  Rendering home/index.html.erb within layouts/application
  Rendered home/index.html.erb within layouts/application (5.0ms)
Completed 200 OK in 785ms (Views: 694.5ms | ActiveRecord: 0.0ms)


Started GET "/users/sign_in" for 127.0.0.1 at 2018-11-12 17:50:04 -0500
Processing by Devise::SessionsController#new as HTML
  Rendering devise/sessions/new.html.erb within layouts/application
  Rendered devise/shared/_links.html.erb (2.5ms)
  Rendered devise/sessions/new.html.erb within layouts/application (68.3ms)
Completed 200 OK in 429ms (Views: 425.7ms | ActiveRecord: 0.0ms)


Started GET "/users/sign_up" for 127.0.0.1 at 2018-11-12 17:50:06 -0500
Processing by Devise::RegistrationsController#new as HTML
  Rendering devise/registrations/new.html.erb within layouts/application
  Rendered devise/shared/_links.html.erb (1.8ms)
  Rendered devise/registrations/new.html.erb within layouts/application (36.5ms)
Completed 200 OK in 440ms (Views: 438.9ms | ActiveRecord: 0.0ms)


